 _ _ _ _
|_ _  | |
| |_    |
|_  | | |
|_ _ _|_|
(path:J: E E S E S S)
(path:D: E E S O E S S O N O N S E S O E E N N E S S)
(path:S: E E S E S S)
(path:A: E E S O E S S O N O N S E S O E E N N E S S)
(path:I: E E N N N O O E E S E N S S S N N O S S O O)
(path:T: N N N S O N O O E E S S S O O E E N N E S S)
(turn:0)
(map:15)
(door:closed:5: 1 3 5 7 9 11 13 15 17 19 21 23 25 27 29:)
 _ _ _ _
|4 _  | |
| |_    |
|_  | | |
|I _ _|T|
(square:0: 0 1 1 2 3)
(square:1: 3 4 5 5 6)
(square:2: 7 7 8 9 9)
(square:3: 23 24 25 25 26)
(square:4: 27 27 28 29 29)
(square:6: 10 11 11 12 13)
(square:7: 13 14 15 15 16)
(square:11: 17 17 18 19 19)
(square:15: 20 21 21 22 23)
(stark:J:0:1:)
(targaryen:D:0:1:)
(stark:S:0:2:)
(targaryen:A:0:2:)
(walker:I:12:2:)
(lannister:T:15:1: 29 27 25 23 21 19 17 15 13 11 9 7 5 3 1)
(turn:1)
(map:15)
(door:closed:5: 1 3 5 7 9 11 13 15 17 19 21 23 25 27 29:)
 _ _ _ _
|2 2  | |
| |_    |
|_  | |T|
|I _ _|_|
(square:0: 0 1 1 2 3)
(square:1: 5 5 6)
(square:2: 7 7 8 9 9)
(square:3: 23 24 25 25 26)
(square:4: 27 27 28 29 29)
(square:6: 10 11 11 12 13)
(square:7: 13 14 15 15 16)
(square:11: 17 17 18 19 19)
(square:15: 20 21 21 22 23)
(stark:S:0:2:)
(targaryen:A:0:2:)
(stark:J:1:1: 3)
(targaryen:D:1:1: 4)
(lannister:T:11:1: 29 27 25 23 21 19 17 15 13 11 9 7 5 3 1)
(walker:I:12:2:)
(turn:2)
(map:15)
(door:closed:5: 1 3 5 7 9 11 13 15 17 19 21 23 25 27 29:)
 _ _ _ _
|_ 2 2| |
| |_   T|
|_  | | |
|_ I _|_|
(square:0: 0 1 1 2 3)
(square:1: 6)
(square:2: 8 9 9)
(square:3: 23 24 25 25 26)
(square:4: 27 27 28 29 29)
(square:6: 10 11 11 12 13)
(square:7: 13 14 15 15 16)
(square:11: 17 17 18 19 19)
(square:15: 20 21 21 22 23)
(stark:S:1:2: 5)
(targaryen:A:1:2: 5)
(stark:J:2:2: 7 3)
(targaryen:D:2:2: 7 4)
(lannister:T:7:2: 29 27 25 23 21 19 17 15 13 11 9 7 5 3 1)
(walker:I:13:2:)
(turn:3)
(map:15)
(door:closed:5: 1 3 5 7 9 11 13 15 17 19 21 23 25 27 29:)
 _ _ _ _
|_ _ 2|T|
| |_ 2  |
|_  | | |
|_ _ I|_|
(square:0: 0 1 1 2 3)
(square:1: 6)
(square:2: 9)
(square:3: 23 24 25 25 26)
(square:4: 27 27 28 29 29)
(square:6: 11 12 13)
(square:7: 13 14 15 15 16)
(square:11: 17 17 18 19 19)
(square:15: 20 21 21 22 23)
(stark:S:2:3: 8 5)
(targaryen:A:2:3: 9 5)
(lannister:T:3:3: 29 27 25 23 21 19 17 15 13 11 9 7 5 3 1)
(stark:J:6:3: 10 7 3)
(targaryen:D:6:3: 11 7 4)
(walker:I:14:3:)
(turn:4)
(map:15)
(door:closed:5: 1 3 5 7 9 11 13 15 17 19 21 23 25 27 29:)
 _ _ _ _
|_ _  | |
| |D 2 2|
|_  |I| |
|_ _ _|_|
(square:0: 0 1 1 2 3)
(square:1: 6)
(square:2: 9)
(square:3: 23 24 25 25 26)
(square:4: 27 27 28 29 29)
(square:6: 13)
(square:7: 14 15 15 16)
(square:11: 17 17 18 19 19)
(square:15: 20 21 21 22 23)
(targaryen:D:5:4: 11 7 4)
(stark:S:6:4: 11 8 5)
(targaryen:A:6:4: 12 9 5)
(lannister:T:7:4: 29 27 25 23 21 19 17 15 13 11 9 7 5 3 1)
(stark:J:7:4: 13 10 7 3)
(walker:I:10:4:)
(turn:5)
(map:15)
(door:closed:5: 1 3 5 7 9 11 13 15 17 19 21 23 25 27 29:)
 _ _ _ _
|_ _  | |
| |A 2 S|
|_  | |J|
|_ _ _|_|
(square:0: 0 1 1 2 3)
(square:1: 6)
(square:2: 9)
(square:3: 23 24 25 25 26)
(square:4: 27 27 28 29 29)
(square:6: 29)
(square:7: 15 15 16)
(square:11: 17 18 19 19)
(square:15: 20 21 21 22 23)
(targaryen:A:5:5: 12 9 5)
(lannister:T:6:5: 27 25 23 21 19 17 15 13 11 9 7 5 3 1)
(walker:I:6:5: D)
(stark:S:7:5: 14 11 8 5)
(stark:J:11:5: 17 13 10 7 3)
(turn:6)
(map:15)
(door:closed:5: 1 3 5 7 9 11 13 15 17 19 21 23 25 27 29:)
 _ _ _ _
|_ _ I| |
| |_ A  |
|_  | |S|
|_ _ _|J|
(square:0: 0 1 1 2 3)
(square:1: 6)
(square:2: 9 27)
(square:3: 23 24 25 25 26)
(square:4: 27 27 28 29 29)
(square:7: 15 15 16)
(square:11: 18 19 19)
(square:15: 21 21 22 23)
(walker:I:2:6: D T)
(targaryen:A:6:6: 29 12 9 5)
(stark:S:11:6: 17 14 11 8 5)
(stark:J:15:6: 20 17 13 10 7 3)
(turn:7)
(map:15)
(door:closed:5: 1 3 5 7 9 11 13 15 17 19 21 23 25 27 29: 20)
 _ _ _ _
|_ I  | |
| |_    |
|_  |A| |
|_ _ _|2|
(square:0: 0 1 1 2 3)
(square:1: 6)
(square:2: 9 27)
(square:3: 23 24 25 25 26)
(square:4: 27 27 28 29 29)
(square:7: 15 15 16)
(square:11: 18 19 19)
(square:15: 22 23)
(walker:I:1:7: D T)
(targaryen:A:10:7: 29 12 9 5)
(stark:J:15:7: 21 17 13 10 7 3)
(stark:S:15:7: 21 17 14 11 8 5)
(turn:8)
(map:15)
(door:open:5: 1 3 5 7 9 11 13 15 17 19 23 25 27 29: 20 21)
 _ _ _ _
|I _  | |
| |_    |
|_  | | |
|_ _ A|_|
(square:0: 0 1 1 2 3)
(square:1: 6)
(square:2: 9 27)
(square:3: 23 24 25 25 26)
(square:4: 27 27 28 29 29)
(square:7: 15 15 16)
(square:11: 18 19 19)
(square:15: 22 23)
(walker:I:0:8: D T)
(targaryen:A:14:8: 29 12 9 5)
(thronemembers)
(newking:stark:J:1111:8: 17 13 10 7 3)
(stark:S:1111:8: 21 17 14 11 8 5)
