 _ _ _ _ _ _ _ _ _ _
|  _  | |     | | | |
| | |_ _ _|_|     | |
| |_ _   _|_ _| |  _|
|_|  _|_     _ _|  _|
|    _  | |_|  _|_  |
|_|_|_ _ _|_ _ _ _ _|
(path:J: E E S E E N E E S E E S S S E S)
(path:D: S S S N N N E E S E E S O O O N S E S O S O S N E S N E E S O E E N N E S N E E N N E S S S E S)
(path:S: E E S E E N E E S E E S S S E S)
(path:A: S S S N N N E E S E E S O O O N S E S O S O S N E S N E E S O E E N N E S N E E N N E S S S E S)
(path:I: N E N E N E E N O O N O O E E S E E N E E S E E S E N N S S O S S E S N O N N N O S S O O O O S O O O S)
(path:T: N O N N E N N S S O N O O N O O S O O N O O E E S E E S O O S O S O S N E E E N E E E E N N E S S S E S)
(turn:0)
(map:59)
(door:closed:4: 1 3 5 7 9 11 13 15 17 19 21 23 25 27 29:)
 _ _ _ _ _ _ _ _ _ _
|4 _  | |     | | | |
| | |_ _  |_|     | |
| |_     _|_ _| |  _|
|_|  _|      _ _|  _|
|    _  | |_|  _|_  |
|I|_|_ _ _|_ _ _ _ T|
(square:0: 0 1 1 2 3)
(square:1: 3 4 5 5 6)
(square:2: 7 7 8 9 9)
(square:12: 10 11 11 12 13)
(square:13: 13 14 15 15 16)
(square:14: 17 17 18 19 19)
(square:17: 20 21 21 22 23)
(square:18: 23 24 25 25 26)
(square:28: 27 27 28 29 29)
(stark:J:0:1:)
(targaryen:D:0:1:)
(stark:S:0:2:)
(targaryen:A:0:2:)
(walker:I:50:2:)
(lannister:T:59:1: 29 27 25 23 21 19 17 15 13 11 9 7 5 3 1)
(turn:1)
(map:59)
(door:closed:4: 1 3 5 7 9 11 13 15 17 19 21 23 25 27 29:)
 _ _ _ _ _ _ _ _ _ _
|2 J  | |     | | | |
|D| |_ _  |_|     | |
| |_     _|_ _| |  _|
|_|  _|      _ _|  _|
|    _  | |_|  _|_ T|
|I|_|_ _ _|_ _ _ _ _|
(square:0: 0 1 1 2 3)
(square:1: 4 5 5 6)
(square:2: 7 7 8 9 9)
(square:12: 10 11 11 12 13)
(square:13: 13 14 15 15 16)
(square:14: 17 17 18 19 19)
(square:17: 20 21 21 22 23)
(square:18: 23 24 25 25 26)
(square:28: 27 27 28 29 29)
(stark:S:0:2:)
(targaryen:A:0:2:)
(stark:J:1:1: 3)
(targaryen:D:10:1:)
(lannister:T:49:1: 29 27 25 23 21 19 17 15 13 11 9 7 5 3 1)
(walker:I:50:2:)
(turn:2)
(map:59)
(door:closed:4: 1 3 5 7 9 11 13 15 17 19 21 23 25 27 29:)
 _ _ _ _ _ _ _ _ _ _
|  S J| |     | | | |
|A| |_ _  |_|     | |
|D|_     _|_ _| |  _|
|_|  _|      _ _|  _|
|I   _  | |_|  _|T  |
|_|_|_ _ _|_ _ _ _ _|
(square:0: 0 1 1 2 3)
(square:1: 5 5 6)
(square:2: 7 8 9 9)
(square:12: 10 11 11 12 13)
(square:13: 13 14 15 15 16)
(square:14: 17 17 18 19 19)
(square:17: 20 21 21 22 23)
(square:18: 23 24 25 25 26)
(square:28: 27 27 28 29 29)
(square:48: 29)
(stark:S:1:2: 4)
(stark:J:2:2: 7 3)
(targaryen:A:10:2:)
(targaryen:D:20:2:)
(walker:I:40:2:)
(lannister:T:48:2: 27 25 23 21 19 17 15 13 11 9 7 5 3 1)
(turn:3)
(map:59)
(door:closed:4: 1 3 5 7 9 11 13 15 17 19 21 23 25 27 29:)
 _ _ _ _ _ _ _ _ _ _
|  _ S| |     | | | |
| | |J _  |_|     | |
|A|_     _|_ _| |  _|
|D|  _|      _ _|T _|
|  I _  | |_|  _|_  |
|_|_|_ _ _|_ _ _ _ _|
(square:0: 0 1 1 2 3)
(square:1: 5 5 6)
(square:2: 8 9 9)
(square:12: 11 11 12 13)
(square:13: 13 14 15 15 16)
(square:14: 17 17 18 19 19)
(square:17: 20 21 21 22 23)
(square:18: 23 24 25 25 26)
(square:28: 27 27 28 29 29)
(square:38: 27)
(square:48: 29)
(stark:S:2:3: 7 4)
(stark:J:12:3: 10 7 3)
(targaryen:A:20:3:)
(targaryen:D:30:3:)
(lannister:T:38:3: 25 23 21 19 17 15 13 11 9 7 5 3 1)
(walker:I:41:3:)
(turn:4)
(map:59)
(door:closed:4: 1 3 5 7 9 11 13 15 17 19 21 23 25 27 29:)
 _ _ _ _ _ _ _ _ _ _
|  _  | |     | | | |
| | |S J  |_|     | |
|D|_     _|_ _| |T _|
|A|I _|      _ _|  _|
|    _  | |_|  _|_  |
|_|_|_ _ _|_ _ _ _ _|
(square:0: 0 1 1 2 3)
(square:1: 5 5 6)
(square:2: 8 9 9)
(square:12: 11 12 13)
(square:13: 14 15 15 16)
(square:14: 17 17 18 19 19)
(square:17: 20 21 21 22 23)
(square:18: 23 24 25 25 26)
(square:28: 25 27 27 28 29 29)
(square:38: 27)
(square:48: 29)
(stark:S:12:4: 11 7 4)
(stark:J:13:4: 13 10 7 3)
(targaryen:D:20:4:)
(lannister:T:28:4: 23 21 19 17 15 13 11 9 7 5 3 1)
(targaryen:A:30:4:)
(walker:I:31:4:)
(turn:5)
(map:59)
(door:closed:4: 1 3 5 7 9 11 13 15 17 19 21 23 25 27 29:)
 _ _ _ _ _ _ _ _ _ _
|  _  | |     | | | |
|D| |_ S J|_|     | |
|A|_     _|_ _| |  T|
|_|  I|      _ _|  _|
|    _  | |_|  _|_  |
|_|_|_ _ _|_ _ _ _ _|
(square:0: 0 1 1 2 3)
(square:1: 5 5 6)
(square:2: 8 9 9)
(square:12: 11 12 13)
(square:13: 15 15 16)
(square:14: 17 18 19 19)
(square:17: 20 21 21 22 23)
(square:18: 23 24 25 25 26)
(square:28: 25 27 27 28 29 29)
(square:38: 27)
(square:48: 29)
(targaryen:D:10:5:)
(stark:S:13:5: 14 11 7 4)
(stark:J:14:5: 17 13 10 7 3)
(targaryen:A:20:5:)
(lannister:T:29:5: 23 21 19 17 15 13 11 9 7 5 3 1)
(walker:I:32:5:)
(turn:6)
(map:59)
(door:closed:4: 1 3 5 7 9 11 13 15 17 19 21 23 25 27 29:)
 _ _ _ _ _ _ _ _ _ _
|D _  | |J    | | | |
|A| |_ _ S|_|     |T|
| |_ I   _|_ _| |  _|
|_|  _|      _ _|  _|
|    _  | |_|  _|_  |
|_|_|_ _ _|_ _ _ _ _|
(square:0: 1 1 2 3)
(square:1: 5 5 6)
(square:2: 8 9 9)
(square:12: 11 12 13)
(square:13: 15 15 16)
(square:14: 18 19 19)
(square:17: 20 21 21 22 23)
(square:18: 23 24 25 25 26)
(square:28: 25 27 27 28 29 29)
(square:38: 27)
(square:48: 29)
(targaryen:D:0:6: 0)
(stark:J:4:6: 17 13 10 7 3)
(targaryen:A:10:6:)
(stark:S:14:6: 17 14 11 7 4)
(lannister:T:19:6: 23 21 19 17 15 13 11 9 7 5 3 1)
(walker:I:22:6:)
(turn:7)
(map:59)
(door:closed:4: 1 3 5 7 9 11 13 15 17 19 21 23 25 27 29:)
 _ _ _ _ _ _ _ _ _ _
|A D  | |S J  | | |T|
| | |_ _  |_|     | |
| |_   I _|_ _| |  _|
|_|  _|      _ _|  _|
|    _  | |_|  _|_  |
|_|_|_ _ _|_ _ _ _ _|
(square:0: 1 2 3)
(square:1: 5 6)
(square:2: 8 9 9)
(square:12: 11 12 13)
(square:13: 15 15 16)
(square:14: 18 19 19)
(square:17: 20 21 21 22 23)
(square:18: 23 24 25 25 26)
(square:28: 25 27 27 28 29 29)
(square:38: 27)
(square:48: 29)
(targaryen:A:0:7: 1)
(targaryen:D:1:7: 5 0)
(stark:S:4:7: 17 14 11 7 4)
(stark:J:5:7: 17 13 10 7 3)
(lannister:T:9:7: 23 21 19 17 15 13 11 9 7 5 3 1)
(walker:I:23:7:)
(turn:8)
(map:59)
(door:closed:4: 1 3 5 7 9 11 13 15 17 19 21 23 25 27 29:)
 _ _ _ _ _ _ _ _ _ _
|  A D| |  S J| | | |
| | |_ _  |_|     |T|
| |_     I|_ _| |  _|
|_|  _|      _ _|  _|
|    _  | |_|  _|_  |
|_|_|_ _ _|_ _ _ _ _|
(square:0: 1 2 3)
(square:1: 6)
(square:2: 9 9)
(square:12: 11 12 13)
(square:13: 15 15 16)
(square:14: 18 19 19)
(square:17: 20 21 21 22 23)
(square:18: 23 24 25 25 26)
(square:28: 25 27 27 28 29 29)
(square:38: 27)
(square:48: 29)
(targaryen:A:1:8: 5 1)
(targaryen:D:2:8: 8 5 0)
(stark:S:5:8: 17 14 11 7 4)
(stark:J:6:8: 17 13 10 7 3)
(lannister:T:19:8: 23 21 19 17 15 13 11 9 7 5 3 1)
(walker:I:24:8:)
(turn:9)
(map:59)
(door:closed:4: 1 3 5 7 9 11 13 15 17 19 21 23 25 27 29:)
 _ _ _ _ _ _ _ _ _ _
|  _ A| |    S| | | |
| | |D _ I|_|J    | |
| |_     _|_ _| |  T|
|_|  _|      _ _|  _|
|    _  | |_|  _|_  |
|_|_|_ _ _|_ _ _ _ _|
(square:0: 1 2 3)
(square:1: 6)
(square:2: 9)
(square:12: 12 13)
(square:13: 15 15 16)
(square:14: 18 19 19)
(square:17: 20 21 21 22 23)
(square:18: 23 24 25 25 26)
(square:28: 25 27 27 28 29 29)
(square:38: 27)
(square:48: 29)
(targaryen:A:2:9: 9 5 1)
(stark:S:6:9: 17 14 11 7 4)
(targaryen:D:12:9: 11 8 5 0)
(walker:I:14:9:)
(stark:J:16:9: 17 13 10 7 3)
(lannister:T:29:9: 23 21 19 17 15 13 11 9 7 5 3 1)
(turn:10)
(map:59)
(door:closed:4: 1 3 5 7 9 11 13 15 17 19 21 23 25 27 29:)
 _ _ _ _ _ _ _ _ _ _
|  _  | |     | | | |
| | |A I  |_|S J  | |
| |_     _|_ _| |T _|
|_|  _|      _ _|  _|
|    _  | |_|  _|_  |
|_|_|_ _ _|_ _ _ _ _|
(square:0: 1 2 3)
(square:1: 6)
(square:2: 9)
(square:12: 13)
(square:13: 15 16)
(square:14: 18 19 19)
(square:17: 21 21 22 23)
(square:18: 23 24 25 25 26)
(square:28: 23 25 27 27 28 29 29)
(square:38: 27)
(square:48: 29)
(targaryen:A:12:10: 12 9 5 1)
(walker:I:13:10: D)
(stark:S:16:10: 17 14 11 7 4)
(stark:J:17:10: 20 17 13 10 7 3)
(lannister:T:28:10: 21 19 17 15 13 11 9 7 5 3 1)
(turn:11)
(map:59)
(door:closed:4: 1 3 5 7 9 11 13 15 17 19 21 23 25 27 29:)
 _ _ _ _ _ _ _ _ _ _
|  _  | |     | | | |
| | |I A  |_|  S 2| |
| |_     _|_ _| |  _|
|_|  _|      _ _|  _|
|    _  | |_|  _|_  |
|_|_|_ _ _|_ _ _ _ _|
(square:0: 1 2 3)
(square:1: 6)
(square:2: 9)
(square:12: 13)
(square:13: 16)
(square:14: 18 19 19)
(square:17: 21 22 23)
(square:18: 21 24 25 25 26)
(square:28: 23 25 27 27 28 29 29)
(square:38: 27)
(square:48: 29)
(walker:I:12:11: D)
(targaryen:A:13:11: 15 12 9 5 1)
(stark:S:17:11: 21 17 14 11 7 4)
(stark:J:18:11: 23 20 17 13 10 7 3)
(lannister:T:18:11: 19 17 15 13 11 9 7 5 3 1)
(turn:12)
(map:59)
(door:closed:4: 1 3 5 7 9 11 13 15 17 19 21 23 25 27 29:)
 _ _ _ _ _ _ _ _ _ _
|  _ I| |     | | | |
| | |_ _ A|_|  T S| |
| |_     _|_ _| |J _|
|_|  _|      _ _|  _|
|    _  | |_|  _|_  |
|_|_|_ _ _|_ _ _ _ _|
(square:0: 1 2 3)
(square:1: 6)
(square:2: 9)
(square:12: 13)
(square:13: 16)
(square:14: 19 19)
(square:17: 21 22 23)
(square:18: 24 25 25 26)
(square:28: 25 27 27 28 29 29)
(square:38: 27)
(square:48: 29)
(walker:I:2:12: D)
(targaryen:A:14:12: 18 15 12 9 5 1)
(lannister:T:17:12: 19 17 15 13 11 9 7 5 3 1)
(stark:S:18:12: 21 21 17 14 11 7 4)
(stark:J:28:12: 23 23 20 17 13 10 7 3)
(turn:13)
(map:59)
(door:closed:4: 1 3 5 7 9 11 13 15 17 19 21 23 25 27 29:)
 _ _ _ _ _ _ _ _ _ _
|  I  | |     | | | |
| | |_ _  |_|T    | |
| |_     A|_ _| |S _|
|_|  _|      _ _|J _|
|    _  | |_|  _|_  |
|_|_|_ _ _|_ _ _ _ _|
(square:0: 1 2 3)
(square:1: 6)
(square:2: 9)
(square:12: 13)
(square:13: 16)
(square:14: 19 19)
(square:16: 19)
(square:17: 21 22 23)
(square:18: 24 25 25 26)
(square:28: 27 27 28 29 29)
(square:48: 29)
(walker:I:1:13: D)
(lannister:T:16:13: 17 15 13 11 9 7 5 3 1)
(targaryen:A:24:13: 18 15 12 9 5 1)
(stark:S:28:13: 25 21 21 17 14 11 7 4)
(stark:J:38:13: 27 23 23 20 17 13 10 7 3)
(turn:14)
(map:59)
(door:closed:4: 1 3 5 7 9 11 13 15 17 19 21 23 25 27 29:)
 _ _ _ _ _ _ _ _ _ _
|I _  | |    T| | | |
| | |_ _  |_|     | |
| |_   A _|_ _| |  _|
|_|  _|      _ _|S _|
|    _  | |_|  _|J  |
|_|_|_ _ _|_ _ _ _ _|
(square:0: 1 2 3)
(square:1: 6)
(square:2: 9)
(square:6: 17)
(square:12: 13)
(square:13: 16)
(square:14: 19 19)
(square:16: 19)
(square:17: 21 22 23)
(square:18: 24 25 25 26)
(square:28: 27 27 28 29 29)
(walker:I:0:14: D)
(lannister:T:6:14: 15 13 11 9 7 5 3 1)
(targaryen:A:23:14: 18 15 12 9 5 1)
(stark:S:38:14: 25 21 21 17 14 11 7 4)
(stark:J:48:14: 29 27 23 23 20 17 13 10 7 3)
(turn:15)
(map:59)
(door:closed:4: 1 3 5 7 9 11 13 15 17 19 21 23 25 27 29:)
 _ _ _ _ _ _ _ _ _ _
|  I  | |  T  | | | |
| | |_ _  |_|     | |
| |_ A   _|_ _| |  _|
|_|  _|      _ _|  _|
|    _  | |_|  _|S J|
|_|_|_ _ _|_ _ _ _ _|
(square:0: 1 2 3)
(square:1: 6)
(square:2: 9)
(square:6: 17)
(square:12: 13)
(square:13: 16)
(square:14: 19 19)
(square:16: 19)
(square:17: 21 22 23)
(square:18: 24 25 25 26)
(square:28: 27 27 28 29 29)
(walker:I:1:15: D)
(lannister:T:5:15: 15 13 11 9 7 5 3 1)
(targaryen:A:22:15: 18 15 12 9 5 1)
(stark:S:48:15: 25 21 21 17 14 11 7 4)
(stark:J:49:15: 29 27 23 23 20 17 13 10 7 3)
(turn:16)
(map:59)
(door:closed:4: 1 3 5 7 9 11 13 15 17 19 21 23 25 27 29:)
 _ _ _ _ _ _ _ _ _ _
|  _ I| |T    | | | |
| | |_ _  |_|     | |
| |A     _|_ _| |  _|
|_|  _|      _ _|  _|
|    _  | |_|  _|_ S|
|_|_|_ _ _|_ _ _ _ J|
(square:0: 1 2 3)
(square:1: 6)
(square:2: 9)
(square:4: 15)
(square:6: 17)
(square:12: 13)
(square:13: 16)
(square:14: 19 19)
(square:16: 19)
(square:17: 21 22 23)
(square:18: 24 25 25 26)
(square:28: 27 27 28 29 29)
(walker:I:2:16: D)
(lannister:T:4:16: 13 11 9 7 5 3 1)
(targaryen:A:21:16: 18 15 12 9 5 1)
(stark:S:49:16: 25 21 21 17 14 11 7 4)
(stark:J:59:16: 29 27 23 23 20 17 13 10 7 3)
(turn:17)
(map:59)
(door:closed:4: 1 3 5 7 9 11 13 15 17 19 21 23 25 27: 29)
 _ _ _ _ _ _ _ _ _ _
|  _  | |     | | | |
| |A|I _ T|_|     | |
| |_     _|_ _| |  _|
|_|  _|      _ _|  _|
|    _  | |_|  _|_  |
|_|_|_ _ _|_ _ _ _ 2|
(square:0: 1 2 3)
(square:1: 6)
(square:2: 9)
(square:4: 15)
(square:6: 17)
(square:12: 13)
(square:13: 16)
(square:14: 13 19 19)
(square:16: 19)
(square:17: 21 22 23)
(square:18: 24 25 25 26)
(square:28: 27 27 28 29 29)
(targaryen:A:11:17: 18 15 12 9 5 1)
(walker:I:12:17: D)
(lannister:T:14:17: 11 9 7 5 3 1)
(stark:J:59:17: 27 23 23 20 17 13 10 7 3)
(stark:S:59:17: 25 21 21 17 14 11 7 4)
(turn:18)
(map:59)
(door:closed:4: 1 3 5 7 9 11 13 15 17 19 21 23: 25 27 29)
 _ _ _ _ _ _ _ _ _ _
|  _  | |     | | | |
| | |_ 2  |_|     | |
| |A     _|_ _| |  _|
|_|  _|      _ _|  _|
|    _  | |_|  _|_  |
|_|_|_ _ _|_ _ _ _ 2|
(square:0: 1 2 3)
(square:1: 6)
(square:2: 9)
(square:4: 15)
(square:6: 17)
(square:12: 13)
(square:13: 16)
(square:14: 13 19 19)
(square:16: 19)
(square:17: 21 22 23)
(square:18: 24 25 25 26)
(square:28: 27 27 28 29 29)
(walker:I:13:18: D)
(lannister:T:13:18: 11 9 7 5 3 1)
(targaryen:A:21:18: 18 15 12 9 5 1)
(stark:J:59:18: 23 23 20 17 13 10 7 3)
(stark:S:59:18: 21 21 17 14 11 7 4)
(turn:19)
(map:59)
(door:closed:4: 1 3 5 7 9 11 13 15 17 19: 21 23 25 27 29)
 _ _ _ _ _ _ _ _ _ _
|  _  | |     | | | |
| | |T _ I|_|     | |
| |_ A   _|_ _| |  _|
|_|  _|      _ _|  _|
|    _  | |_|  _|_  |
|_|_|_ _ _|_ _ _ _ 2|
(square:0: 1 2 3)
(square:1: 6)
(square:2: 9)
(square:4: 15)
(square:6: 17)
(square:12: 11 13)
(square:13: 16)
(square:14: 13 19 19)
(square:16: 19)
(square:17: 21 22 23)
(square:18: 24 25 25 26)
(square:28: 27 27 28 29 29)
(lannister:T:12:19: 9 7 5 3 1)
(walker:I:14:19: D)
(targaryen:A:22:19: 18 15 12 9 5 1)
(stark:J:59:19: 23 20 17 13 10 7 3)
(stark:S:59:19: 21 17 14 11 7 4)
(turn:20)
(map:59)
(door:closed:4: 1 3 5 7 9 11 13 15 17 19: 21 23 25 27 29)
 _ _ _ _ _ _ _ _ _ _
|  _ T| |I    | | | |
| | |_ _  |_|     | |
| |_     _|_ _| |  _|
|_|  A|      _ _|  _|
|    _  | |_|  _|_  |
|_|_|_ _ _|_ _ _ _ 2|
(square:0: 1 2 3)
(square:1: 6)
(square:2: 9 9)
(square:4: 15)
(square:6: 17)
(square:12: 11 13)
(square:13: 16)
(square:14: 13 19 19)
(square:16: 19)
(square:17: 21 22 23)
(square:18: 24 25 25 26)
(square:28: 27 27 28 29 29)
(lannister:T:2:20: 7 5 3 1)
(walker:I:4:20: D)
(targaryen:A:32:20: 18 15 12 9 5 1)
(stark:J:59:20: 20 17 13 10 7 3)
(stark:S:59:20: 17 14 11 7 4)
(turn:21)
(map:59)
(door:closed:4: 1 3 5 7 9 11 13 15 19: 17 20 21 23 25 27 29)
 _ _ _ _ _ _ _ _ _ _
|  T  | |  I  | | | |
| | |_ _  |_|     | |
| |_     _|_ _| |  _|
|_|A _|      _ _|  _|
|    _  | |_|  _|_  |
|_|_|_ _ _|_ _ _ _ 2|
(square:0: 1 2 3)
(square:1: 6)
(square:2: 9 9)
(square:4: 15)
(square:6: 17)
(square:12: 11 13)
(square:13: 16)
(square:14: 13 19 19)
(square:16: 19)
(square:17: 21 22 23)
(square:18: 24 25 25 26)
(square:28: 27 27 28 29 29)
(lannister:T:1:21: 7 5 3 1)
(walker:I:5:21: D)
(targaryen:A:31:21: 18 15 12 9 5 1)
(stark:J:59:21: 17 13 10 7 3)
(stark:S:59:21: 14 11 7 4)
(turn:22)
(map:59)
(door:closed:4: 1 3 5 7 9 11 13 15 19: 14 17 20 21 23 25 27 29)
 _ _ _ _ _ _ _ _ _ _
|T _  | |    I| | | |
| | |_ _  |_|     | |
| |_     _|_ _| |  _|
|_|  _|      _ _|  _|
|  A _  | |_|  _|_  |
|_|_|_ _ _|_ _ _ _ 2|
(square:0: 1 2 3 7)
(square:1: 6)
(square:2: 9 9)
(square:4: 15)
(square:6: 17)
(square:12: 11 13)
(square:13: 16)
(square:14: 13 19 19)
(square:16: 19)
(square:17: 21 22 23)
(square:18: 24 25 25 26)
(square:28: 27 27 28 29 29)
(lannister:T:0:22: 5 3 1)
(walker:I:6:22: D)
(targaryen:A:41:22: 18 15 12 9 5 1)
(stark:J:59:22: 13 10 7 3)
(stark:S:59:22: 11 7 4)
(turn:23)
(map:59)
(door:closed:4: 1 3 5 7 9 15 19: 11 13 14 17 20 21 23 25 27 29)
 _ _ _ _ _ _ _ _ _ _
|  T  | |     | | | |
| | |_ _  |_|I    | |
| |_     _|_ _| |  _|
|_|  _|      _ _|  _|
|A   _  | |_|  _|_  |
|_|_|_ _ _|_ _ _ _ 2|
(square:0: 1 2 3 7)
(square:1: 6)
(square:2: 9 9)
(square:4: 15)
(square:6: 17)
(square:12: 11 13)
(square:13: 16)
(square:14: 13 19 19)
(square:16: 19)
(square:17: 21 22 23)
(square:18: 24 25 25 26)
(square:28: 27 27 28 29 29)
(lannister:T:1:23: 5 3 1)
(walker:I:16:23: D)
(targaryen:A:40:23: 18 15 12 9 5 1)
(stark:J:59:23: 10 7 3)
(stark:S:59:23: 7 4)
(turn:24)
(map:59)
(door:closed:4: 1 3 5 9 15 19: 7 10 11 13 14 17 20 21 23 25 27 29)
 _ _ _ _ _ _ _ _ _ _
|  _ T| |     | | | |
| | |_ _  |_|  I  | |
| |_     _|_ _| |  _|
|_|  _|      _ _|  _|
|    _  | |_|  _|_  |
|A|_|_ _ _|_ _ _ _ 2|
(square:0: 1 2 3 7)
(square:1: 6)
(square:2: 5 9 9)
(square:4: 15)
(square:6: 17)
(square:12: 11 13)
(square:13: 16)
(square:14: 13 19 19)
(square:16: 19)
(square:17: 21 22 23)
(square:18: 24 25 25 26)
(square:28: 27 27 28 29 29)
(lannister:T:2:24: 3 1)
(walker:I:17:24: D)
(targaryen:A:50:24: 18 15 12 9 5 1)
(stark:J:59:24: 7 3)
(stark:S:59:24: 4)
(turn:25)
(map:59)
(door:closed:4: 1 3 5 9 15 19: 4 7 10 11 13 14 17 20 21 23 25 27 29)
 _ _ _ _ _ _ _ _ _ _
|  _  | |     | | | |
| | |T _  |_|    I| |
| |_     _|_ _| |  _|
|_|  _|      _ _|  _|
|A   _  | |_|  _|_  |
|_|_|_ _ _|_ _ _ _ 2|
(square:0: 1 2 3 7)
(square:1: 6)
(square:2: 5 9 9)
(square:4: 15)
(square:6: 17)
(square:12: 3 11 13)
(square:13: 16)
(square:14: 13 19 19)
(square:16: 19)
(square:17: 21 22 23)
(square:18: 24 25 25 26)
(square:28: 27 27 28 29 29)
(lannister:T:12:25: 1)
(walker:I:18:25: D)
(targaryen:A:40:25: 18 15 12 9 5 1)
(stark:J:59:25: 3)
(stark:S:59:25:)
(turn:26)
(map:59)
(door:closed:4: 1 5 9 15 19: 3 4 7 10 11 13 14 17 20 21 23 25 27 29)
 _ _ _ _ _ _ _ _ _ _
|  _  | |     | | | |
| | |_ T  |_|     | |
| |_     _|_ _| |I _|
|_|  _|      _ _|  _|
|  A _  | |_|  _|_  |
|_|_|_ _ _|_ _ _ _ 2|
(square:0: 1 2 3 7)
(square:1: 6)
(square:2: 5 9 9)
(square:4: 15)
(square:6: 17)
(square:12: 3 11 13)
(square:13: 16)
(square:14: 13 19 19)
(square:16: 19)
(square:17: 21 22 23)
(square:18: 24 25 25 26)
(square:28: 27 27 28 29 29)
(lannister:T:13:26: 1)
(walker:I:28:26: D)
(targaryen:A:41:26: 18 15 12 9 5 1)
(stark:J:59:26:)
(stark:S:59:26:)
(turn:27)
(map:59)
(door:closed:4: 1 5 9 15 19: 3 4 7 10 11 13 14 17 20 21 23 25 27 29)
 _ _ _ _ _ _ _ _ _ _
|  _  | |     | | | |
| | |_ _ T|_|     | |
| |_     _|_ _| |  I|
|_|  _|      _ _|  _|
|    _  | |_|  _|_  |
|_|A|_ _ _|_ _ _ _ 2|
(square:0: 1 2 3 7)
(square:1: 6)
(square:2: 5 9 9)
(square:4: 15)
(square:6: 17)
(square:12: 3 11 13)
(square:13: 16)
(square:14: 1 13 19 19)
(square:16: 19)
(square:17: 21 22 23)
(square:18: 24 25 25 26)
(square:28: 27 27 28 29 29)
(lannister:T:14:27:)
(walker:I:29:27: D)
(targaryen:A:51:27: 18 15 12 9 5 1)
(stark:J:59:27:)
(stark:S:59:27:)
(turn:28)
(map:59)
(door:closed:4: 1 5 9 15 19: 3 4 7 10 11 13 14 17 20 21 23 25 27 29)
 _ _ _ _ _ _ _ _ _ _
|  _  | |     | | | |
| | |_ _  |_|     |I|
| |_     T|_ _| |  _|
|_|  _|      _ _|  _|
|  A _  | |_|  _|_  |
|_|_|_ _ _|_ _ _ _ 2|
(square:0: 1 2 3 7)
(square:1: 6)
(square:2: 5 9 9)
(square:4: 15)
(square:6: 17)
(square:12: 3 11 13)
(square:13: 16)
(square:14: 1 13 19 19)
(square:16: 19)
(square:17: 21 22 23)
(square:18: 24 25 25 26)
(square:28: 27 27 28 29 29)
(walker:I:19:28: D)
(lannister:T:24:28:)
(targaryen:A:41:28: 18 15 12 9 5 1)
(stark:J:59:28:)
(stark:S:59:28:)
(turn:29)
(map:59)
(door:closed:4: 1 5 9 15 19: 3 4 7 10 11 13 14 17 20 21 23 25 27 29)
 _ _ _ _ _ _ _ _ _ _
|  _  | |     | | |I|
| | |_ _  |_|     | |
| |_   T _|_ _| |  _|
|_|  _|      _ _|  _|
|    A  | |_|  _|_  |
|_|_|_ _ _|_ _ _ _ 2|
(square:0: 1 2 3 7)
(square:1: 6)
(square:2: 5 9 9)
(square:4: 15)
(square:6: 17)
(square:12: 3 11 13)
(square:13: 16)
(square:14: 1 13 19 19)
(square:16: 19)
(square:17: 21 22 23)
(square:18: 24 25 25 26)
(square:28: 27 27 28 29 29)
(walker:I:9:29: D)
(lannister:T:23:29:)
(targaryen:A:42:29: 18 15 12 9 5 1)
(stark:J:59:29:)
(stark:S:59:29:)
(turn:30)
(map:59)
(door:closed:4: 1 5 9 15 19: 3 4 7 10 11 13 14 17 20 21 23 25 27 29)
 _ _ _ _ _ _ _ _ _ _
|  _  | |     | | | |
| | |_ _  |_|     |I|
| |_ T   _|_ _| |  _|
|_|  _|      _ _|  _|
|    _ A| |_|  _|_  |
|_|_|_ _ _|_ _ _ _ 2|
(square:0: 1 2 3 7)
(square:1: 6)
(square:2: 5 9 9)
(square:4: 15)
(square:6: 17)
(square:12: 3 11 13)
(square:13: 16)
(square:14: 1 13 19 19)
(square:16: 19)
(square:17: 21 22 23)
(square:18: 24 25 25 26)
(square:28: 27 27 28 29 29)
(walker:I:19:30: D)
(lannister:T:22:30:)
(targaryen:A:43:30: 18 15 12 9 5 1)
(stark:J:59:30:)
(stark:S:59:30:)
(turn:31)
(map:59)
(door:closed:4: 1 5 9 15 19: 3 4 7 10 11 13 14 17 20 21 23 25 27 29)
 _ _ _ _ _ _ _ _ _ _
|  _  | |     | | | |
| | |_ _  |_|     | |
| |_     _|_ _| |  I|
|_|  T|      _ _|  _|
|    _  | |_|  _|_  |
|_|_|_ A _|_ _ _ _ 2|
(square:0: 1 2 3 7)
(square:1: 6)
(square:2: 5 9 9)
(square:4: 15)
(square:6: 17)
(square:12: 3 11 13)
(square:13: 16)
(square:14: 1 13 19 19)
(square:16: 19)
(square:17: 21 22 23)
(square:18: 24 25 25 26)
(square:28: 27 27 28 29 29)
(walker:I:29:31: D)
(lannister:T:32:31:)
(targaryen:A:53:31: 18 15 12 9 5 1)
(stark:J:59:31:)
(stark:S:59:31:)
(turn:32)
(map:59)
(door:closed:4: 1 5 9 15 19: 3 4 7 10 11 13 14 17 20 21 23 25 27 29)
 _ _ _ _ _ _ _ _ _ _
|  _  | |     | | | |
| | |_ _  |_|     | |
| |_     _|_ _| |I _|
|_|T _|      _ _|  _|
|    _  | |_|  _|_  |
|_|_|A _ _|_ _ _ _ 2|
(square:0: 1 2 3 7)
(square:1: 6)
(square:2: 5 9 9)
(square:4: 15)
(square:6: 17)
(square:12: 3 11 13)
(square:13: 16)
(square:14: 1 13 19 19)
(square:16: 19)
(square:17: 21 22 23)
(square:18: 24 25 25 26)
(square:28: 27 27 28 29 29)
(walker:I:28:32: D)
(lannister:T:31:32:)
(targaryen:A:52:32: 18 15 12 9 5 1)
(stark:J:59:32:)
(stark:S:59:32:)
(turn:33)
(map:59)
(door:closed:4: 1 5 9 15 19: 3 4 7 10 11 13 14 17 20 21 23 25 27 29)
 _ _ _ _ _ _ _ _ _ _
|  _  | |     | | | |
| | |_ _  |_|     | |
| |_     _|_ _| |  _|
|_|  _|      _ _|I _|
|  T _  | |_|  _|_  |
|_|_|_ A _|_ _ _ _ 2|
(square:0: 1 2 3 7)
(square:1: 6)
(square:2: 5 9 9)
(square:4: 15)
(square:6: 17)
(square:12: 3 11 13)
(square:13: 16)
(square:14: 1 13 19 19)
(square:16: 19)
(square:17: 21 22 23)
(square:18: 24 25 25 26)
(square:28: 27 27 28 29 29)
(walker:I:38:33: D)
(lannister:T:41:33:)
(targaryen:A:53:33: 18 15 12 9 5 1)
(stark:J:59:33:)
(stark:S:59:33:)
(turn:34)
(map:59)
(door:closed:4: 1 5 9 15 19: 3 4 7 10 11 13 14 17 20 21 23 25 27 29)
 _ _ _ _ _ _ _ _ _ _
|  _  | |     | | | |
| | |_ _  |_|     | |
| |_     _|_ _| |  _|
|_|  _|      _ _|  _|
|T   _  | |_|  _|I  |
|_|_|_ _ A|_ _ _ _ 2|
(square:0: 1 2 3 7)
(square:1: 6)
(square:2: 5 9 9)
(square:4: 15)
(square:6: 17)
(square:12: 3 11 13)
(square:13: 16)
(square:14: 1 13 19 19)
(square:16: 19)
(square:17: 21 22 23)
(square:18: 24 25 25 26)
(square:28: 27 27 28 29 29)
(lannister:T:40:34:)
(walker:I:48:34: D)
(targaryen:A:54:34: 18 15 12 9 5 1)
(stark:J:59:34:)
(stark:S:59:34:)
(turn:35)
(map:59)
(door:closed:4: 1 5 9 15 19: 3 4 7 10 11 13 14 17 20 21 23 25 27 29)
 _ _ _ _ _ _ _ _ _ _
|  _  | |     | | | |
| | |_ _  |_|     | |
| |_     _|_ _| |  _|
|_|  _|      _ _|  _|
|    _  |A|_|  _|_ I|
|T|_|_ _ _|_ _ _ _ 2|
(square:0: 1 2 3 7)
(square:1: 6)
(square:2: 5 9 9)
(square:4: 15)
(square:6: 17)
(square:12: 3 11 13)
(square:13: 16)
(square:14: 1 13 19 19)
(square:16: 19)
(square:17: 21 22 23)
(square:18: 24 25 25 26)
(square:28: 27 27 28 29 29)
(targaryen:A:44:35: 18 15 12 9 5 1)
(walker:I:49:35: D)
(lannister:T:50:35:)
(stark:J:59:35:)
(stark:S:59:35:)
(turn:36)
(map:59)
(door:closed:4: 1 5 9 15 19: 3 4 7 10 11 13 14 17 20 21 23 25 27 29)
 _ _ _ _ _ _ _ _ _ _
|  _  | |     | | | |
| | |_ _  |_|     | |
| |_     _|_ _| |  _|
|_|  _|  A   _ _|  _|
|T   _  | |_|  _|_  |
|_|_|_ _ _|_ _ _ _ 2|
(square:0: 1 2 3 7)
(square:1: 6)
(square:2: 5 9 9)
(square:4: 15)
(square:6: 17)
(square:12: 3 11 13)
(square:13: 16)
(square:14: 1 13 19 19)
(square:16: 19)
(square:17: 21 22 23)
(square:18: 24 25 25 26)
(square:28: 27 27 28 29 29)
(targaryen:A:34:36: 18 15 12 9 5 1)
(lannister:T:40:36:)
(stark:S:59:36:)
(walker:I:59:36: D J)
(turn:37)
(map:59)
(door:closed:4: 1 3 5 7 9 11 13 15 17 19 21 23 25 27 29:)
 _ _ _ _ _ _ _ _ _ _
|  _  | |     | | | |
| | |_ _  |_|     | |
| |_     _|_ _| |  _|
|_|  _|    A _ _|  _|
|  T _  | |_|  _|_ I|
|_|_|_ _ _|_ _ _ _ S|
(square:0: 1 2 3 7)
(square:1: 6)
(square:2: 5 9 9)
(square:4: 15)
(square:6: 17)
(square:12: 3 11 13)
(square:13: 16)
(square:14: 1 13 19 19)
(square:16: 19)
(square:17: 21 22 23)
(square:18: 24 25 25 26)
(square:28: 27 27 28 29 29)
(targaryen:A:35:37: 18 15 12 9 5 1)
(lannister:T:41:37:)
(walker:I:49:37: D J)
(stark:S:59:37:)
(turn:38)
(map:59)
(door:closed:4: 1 3 5 7 9 11 13 15 17 19 21 23 25 27 29:)
 _ _ _ _ _ _ _ _ _ _
|  _  | |     | | | |
| | |_ _  |_|     | |
| |_     _|_ _| |  _|
|_|  _|      _ _|  _|
|    T  | |A|  _|I  |
|_|_|_ _ _|_ _ _ _ S|
(square:0: 1 2 3 7)
(square:1: 6)
(square:2: 5 9 9)
(square:4: 15)
(square:6: 17)
(square:12: 3 11 13)
(square:13: 16)
(square:14: 1 13 19 19)
(square:16: 19)
(square:17: 21 22 23)
(square:18: 24 25 25 26)
(square:28: 27 27 28 29 29)
(lannister:T:42:38:)
(targaryen:A:45:38: 18 15 12 9 5 1)
(walker:I:48:38: D J)
(stark:S:59:38:)
(turn:39)
(map:59)
(door:closed:4: 1 3 5 7 9 11 13 15 17 19 21 23 25 27 29:)
 _ _ _ _ _ _ _ _ _ _
|  _  | |     | | | |
| | |_ _  |_|     | |
| |_     _|_ _| |  _|
|_|  _|    A _ _|I _|
|    _ T| |_|  _|_  |
|_|_|_ _ _|_ _ _ _ S|
(square:0: 1 2 3 7)
(square:1: 6)
(square:2: 5 9 9)
(square:4: 15)
(square:6: 17)
(square:12: 3 11 13)
(square:13: 16)
(square:14: 1 13 19 19)
(square:16: 19)
(square:17: 21 22 23)
(square:18: 24 25 25 26)
(square:28: 27 27 28 29 29)
(targaryen:A:35:39: 18 15 12 9 5 1)
(walker:I:38:39: D J)
(lannister:T:43:39:)
(stark:S:59:39:)
(turn:40)
(map:59)
(door:closed:4: 1 3 5 7 9 11 13 15 17 19 21 23 25 27 29:)
 _ _ _ _ _ _ _ _ _ _
|  _  | |     | | | |
| | |_ _  |_|     | |
| |_     _|_ _| |I _|
|_|  _|T     A _|  _|
|    _  | |_|  _|_  |
|_|_|_ _ _|_ _ _ _ S|
(square:0: 1 2 3 7)
(square:1: 6)
(square:2: 5 9 9)
(square:4: 15)
(square:6: 17)
(square:12: 3 11 13)
(square:13: 16)
(square:14: 1 13 19 19)
(square:16: 19)
(square:17: 21 22 23)
(square:18: 24 25 25 26)
(square:28: 27 27 28 29 29)
(walker:I:28:40: D J)
(lannister:T:33:40:)
(targaryen:A:36:40: 18 15 12 9 5 1)
(stark:S:59:40:)
(turn:41)
(map:59)
(door:closed:4: 1 3 5 7 9 11 13 15 17 19 21 23 25 27 29:)
 _ _ _ _ _ _ _ _ _ _
|  _  | |     | | | |
| | |_ _  |_|    I| |
| |_     _|_ _| |  _|
|_|  _|  T   _ A|  _|
|    _  | |_|  _|_  |
|_|_|_ _ _|_ _ _ _ S|
(square:0: 1 2 3 7)
(square:1: 6)
(square:2: 5 9 9)
(square:4: 15)
(square:6: 17)
(square:12: 3 11 13)
(square:13: 16)
(square:14: 1 13 19 19)
(square:16: 19)
(square:17: 21 22 23)
(square:18: 24 25 25 26)
(square:28: 27 27 28 29 29)
(walker:I:18:41: D J)
(lannister:T:34:41:)
(targaryen:A:37:41: 18 15 12 9 5 1)
(stark:S:59:41:)
(turn:42)
(map:59)
(door:closed:4: 1 3 5 7 9 11 13 15 17 19 21 23 25 27 29:)
 _ _ _ _ _ _ _ _ _ _
|  _  | |     | | | |
| | |_ _  |_|  I  | |
| |_     _|_ _|A|  _|
|_|  _|    T _ _|  _|
|    _  | |_|  _|_  |
|_|_|_ _ _|_ _ _ _ S|
(square:0: 1 2 3 7)
(square:1: 6)
(square:2: 5 9 9)
(square:4: 15)
(square:6: 17)
(square:12: 3 11 13)
(square:13: 16)
(square:14: 1 13 19 19)
(square:16: 19)
(square:17: 21 22 23)
(square:18: 24 25 25 26)
(square:28: 27 27 28 29 29)
(walker:I:17:42: D J)
(targaryen:A:27:42: 18 15 12 9 5 1)
(lannister:T:35:42:)
(stark:S:59:42:)
(turn:43)
(map:59)
(door:closed:4: 1 3 5 7 9 11 13 15 17 19 21 23 25 27 29:)
 _ _ _ _ _ _ _ _ _ _
|  _  | |     | | | |
| | |_ _  |_|     | |
| |_     _|_ _|I|  _|
|_|  _|      T _|  _|
|    _  | |_|  _|_  |
|_|_|_ _ _|_ _ _ _ S|
(square:0: 1 2 3 7)
(square:1: 6)
(square:2: 5 9 9)
(square:4: 15)
(square:6: 17)
(square:12: 3 11 13)
(square:13: 16)
(square:14: 1 13 19 19)
(square:16: 19)
(square:17: 21 22 23)
(square:18: 24 25 25 26)
(square:28: 27 27 28 29 29)
(walker:I:27:43: D J A)
(lannister:T:36:43:)
(stark:S:59:43:)
(turn:44)
(map:59)
(door:closed:4: 1 3 5 7 9 11 13 15 17 19 21 23 25 27 29:)
 _ _ _ _ _ _ _ _ _ _
|  _  | |     | | | |
| | |_ _  |_|     | |
| |_     _|_ _| |  _|
|_|  _|      _ 2|  _|
|    _  | |_|  _|_  |
|_|_|_ _ _|_ _ _ _ S|
(square:0: 1 2 3 7)
(square:1: 6)
(square:2: 5 9 9)
(square:4: 15)
(square:6: 17)
(square:12: 3 11 13)
(square:13: 16)
(square:14: 1 13 19 19)
(square:16: 19)
(square:17: 21 22 23)
(square:18: 24 25 25 26)
(square:28: 27 27 28 29 29)
(walker:I:37:44: D J A)
(lannister:T:37:44:)
(stark:S:59:44:)
(turn:45)
(map:59)
(door:closed:4: 1 3 5 7 9 11 13 15 17 19 21 23 25 27 29:)
 _ _ _ _ _ _ _ _ _ _
|  _  | |     | | | |
| | |_ _  |_|     | |
| |_     _|_ _|T|  _|
|_|  _|      I _|  _|
|    _  | |_|  _|_  |
|_|_|_ _ _|_ _ _ _ S|
(square:0: 1 2 3 7)
(square:1: 6)
(square:2: 5 9 9)
(square:4: 15)
(square:6: 17)
(square:12: 3 11 13)
(square:13: 16)
(square:14: 1 13 19 19)
(square:16: 19)
(square:17: 21 22 23)
(square:18: 24 25 25 26)
(square:28: 27 27 28 29 29)
(lannister:T:27:45:)
(walker:I:36:45: D J A)
(stark:S:59:45:)
(turn:46)
(map:59)
(door:closed:4: 1 3 5 7 9 11 13 15 17 19 21 23 25 27 29:)
 _ _ _ _ _ _ _ _ _ _
|  _  | |     | | | |
| | |_ _  |_|  T  | |
| |_     _|_ _| |  _|
|_|  _|    I _ _|  _|
|    _  | |_|  _|_  |
|_|_|_ _ _|_ _ _ _ S|
(square:0: 1 2 3 7)
(square:1: 6)
(square:2: 5 9 9)
(square:4: 15)
(square:6: 17)
(square:12: 3 11 13)
(square:13: 16)
(square:14: 1 13 19 19)
(square:16: 19)
(square:17: 21 22 23)
(square:18: 24 25 25 26)
(square:28: 27 27 28 29 29)
(lannister:T:17:46:)
(walker:I:35:46: D J A)
(stark:S:59:46:)
(turn:47)
(map:59)
(door:closed:4: 1 3 5 7 9 11 13 15 17 19 21 23 25 27 29:)
 _ _ _ _ _ _ _ _ _ _
|  _  | |     | | | |
| | |_ _  |_|    T| |
| |_     _|_ _| |  _|
|_|  _|  I   _ _|  _|
|    _  | |_|  _|_  |
|_|_|_ _ _|_ _ _ _ S|
(square:0: 1 2 3 7)
(square:1: 6)
(square:2: 5 9 9)
(square:4: 15)
(square:6: 17)
(square:12: 3 11 13)
(square:13: 16)
(square:14: 1 13 19 19)
(square:16: 19)
(square:17: 21 22 23)
(square:18: 24 25 25 26)
(square:28: 27 27 28 29 29)
(lannister:T:18:47:)
(walker:I:34:47: D J A)
(stark:S:59:47:)
(turn:48)
(map:59)
(door:closed:4: 1 3 5 7 9 11 13 15 17 19 21 23 25 27 29:)
 _ _ _ _ _ _ _ _ _ _
|  _  | |     | | | |
| | |_ _  |_|     | |
| |_     _|_ _| |T _|
|_|  _|I     _ _|  _|
|    _  | |_|  _|_  |
|_|_|_ _ _|_ _ _ _ S|
(square:0: 1 2 3 7)
(square:1: 6)
(square:2: 5 9 9)
(square:4: 15)
(square:6: 17)
(square:12: 3 11 13)
(square:13: 16)
(square:14: 1 13 19 19)
(square:16: 19)
(square:17: 21 22 23)
(square:18: 24 25 25 26)
(square:28: 27 27 28 29 29)
(lannister:T:28:48:)
(walker:I:33:48: D J A)
(stark:S:59:48:)
(turn:49)
(map:59)
(door:closed:4: 1 3 5 7 9 11 13 15 17 19 21 23 25 27 29:)
 _ _ _ _ _ _ _ _ _ _
|  _  | |     | | | |
| | |_ _  |_|     | |
| |_     _|_ _| |  _|
|_|  _|      _ _|T _|
|    _ I| |_|  _|_  |
|_|_|_ _ _|_ _ _ _ S|
(square:0: 1 2 3 7)
(square:1: 6)
(square:2: 5 9 9)
(square:4: 15)
(square:6: 17)
(square:12: 3 11 13)
(square:13: 16)
(square:14: 1 13 19 19)
(square:16: 19)
(square:17: 21 22 23)
(square:18: 24 25 25 26)
(square:28: 27 27 28 29 29)
(lannister:T:38:49:)
(walker:I:43:49: D J A)
(stark:S:59:49:)
(turn:50)
(map:59)
(door:closed:4: 1 3 5 7 9 11 13 15 17 19 21 23 25 27 29:)
 _ _ _ _ _ _ _ _ _ _
|  _  | |     | | | |
| | |_ _  |_|     | |
| |_     _|_ _| |  _|
|_|  _|      _ _|  _|
|    I  | |_|  _|T  |
|_|_|_ _ _|_ _ _ _ S|
(square:0: 1 2 3 7)
(square:1: 6)
(square:2: 5 9 9)
(square:4: 15)
(square:6: 17)
(square:12: 3 11 13)
(square:13: 16)
(square:14: 1 13 19 19)
(square:16: 19)
(square:17: 21 22 23)
(square:18: 24 25 25 26)
(square:28: 27 27 28 29 29)
(walker:I:42:50: D J A)
(lannister:T:48:50:)
(stark:S:59:50:)
(turn:51)
(map:59)
(door:closed:4: 1 3 5 7 9 11 13 15 17 19 21 23 25 27 29:)
 _ _ _ _ _ _ _ _ _ _
|  _  | |     | | | |
| | |_ _  |_|     | |
| |_     _|_ _| |  _|
|_|  _|      _ _|  _|
|  I _  | |_|  _|_ T|
|_|_|_ _ _|_ _ _ _ S|
(square:0: 1 2 3 7)
(square:1: 6)
(square:2: 5 9 9)
(square:4: 15)
(square:6: 17)
(square:12: 3 11 13)
(square:13: 16)
(square:14: 1 13 19 19)
(square:16: 19)
(square:17: 21 22 23)
(square:18: 24 25 25 26)
(square:28: 27 27 28 29 29)
(walker:I:41:51: D J A)
(lannister:T:49:51:)
(stark:S:59:51:)
(turn:52)
(map:59)
(door:closed:4: 1 3 5 7 9 11 13 15 17 19 21 23 25 27 29:)
 _ _ _ _ _ _ _ _ _ _
|  _  | |     | | | |
| | |_ _  |_|     | |
| |_     _|_ _| |  _|
|_|  _|      _ _|  _|
|I   _  | |_|  _|_  |
|_|_|_ _ _|_ _ _ _ 2|
(square:0: 1 2 3 7)
(square:1: 6)
(square:2: 5 9 9)
(square:4: 15)
(square:6: 17)
(square:12: 3 11 13)
(square:13: 16)
(square:14: 1 13 19 19)
(square:16: 19)
(square:17: 21 22 23)
(square:18: 24 25 25 26)
(square:28: 27 27 28 29 29)
(walker:I:40:52: D J A)
(stark:S:59:52:)
(lannister:T:59:52:)
(turn:53)
(map:59)
(door:closed:4: 1 3 5 7 9 11 13 15 17 19 21 23 25 27 29:)
 _ _ _ _ _ _ _ _ _ _
|  _  | |     | | | |
| | |_ _  |_|     | |
| |_     _|_ _| |  _|
|_|  _|      _ _|  _|
|    _  | |_|  _|_ T|
|I|_|_ _ _|_ _ _ _ S|
(square:0: 1 2 3 7)
(square:1: 6)
(square:2: 5 9 9)
(square:4: 15)
(square:6: 17)
(square:12: 3 11 13)
(square:13: 16)
(square:14: 1 13 19 19)
(square:16: 19)
(square:17: 21 22 23)
(square:18: 24 25 25 26)
(square:28: 27 27 28 29 29)
(lannister:T:49:53:)
(walker:I:50:53: D J A)
(stark:S:59:53:)
(turn:54)
(map:59)
(door:closed:4: 1 3 5 7 9 11 13 15 17 19 21 23 25 27 29:)
 _ _ _ _ _ _ _ _ _ _
|  _  | |     | | | |
| | |_ _  |_|     | |
| |_     _|_ _| |  _|
|_|  _|      _ _|  _|
|I   _  | |_|  _|T  |
|_|_|_ _ _|_ _ _ _ S|
(square:0: 1 2 3 7)
(square:1: 6)
(square:2: 5 9 9)
(square:4: 15)
(square:6: 17)
(square:12: 3 11 13)
(square:13: 16)
(square:14: 1 13 19 19)
(square:16: 19)
(square:17: 21 22 23)
(square:18: 24 25 25 26)
(square:28: 27 27 28 29 29)
(walker:I:40:54: D J A)
(lannister:T:48:54:)
(stark:S:59:54:)
(turn:55)
(map:59)
(door:closed:4: 1 3 5 7 9 11 13 15 17 19 21 23 25 27 29:)
 _ _ _ _ _ _ _ _ _ _
|  _  | |     | | | |
| | |_ _  |_|     | |
| |_     _|_ _| |  _|
|_|  _|      _ _|T _|
|  I _  | |_|  _|_  |
|_|_|_ _ _|_ _ _ _ S|
(square:0: 1 2 3 7)
(square:1: 6)
(square:2: 5 9 9)
(square:4: 15)
(square:6: 17)
(square:12: 3 11 13)
(square:13: 16)
(square:14: 1 13 19 19)
(square:16: 19)
(square:17: 21 22 23)
(square:18: 24 25 25 26)
(square:28: 27 27 28 29 29)
(lannister:T:38:55:)
(walker:I:41:55: D J A)
(stark:S:59:55:)
(turn:56)
(map:59)
(door:closed:4: 1 3 5 7 9 11 13 15 17 19 21 23 25 27 29:)
 _ _ _ _ _ _ _ _ _ _
|  _  | |     | | | |
| | |_ _  |_|     | |
| |_     _|_ _| |T _|
|_|I _|      _ _|  _|
|    _  | |_|  _|_  |
|_|_|_ _ _|_ _ _ _ S|
(square:0: 1 2 3 7)
(square:1: 6)
(square:2: 5 9 9)
(square:4: 15)
(square:6: 17)
(square:12: 3 11 13)
(square:13: 16)
(square:14: 1 13 19 19)
(square:16: 19)
(square:17: 21 22 23)
(square:18: 24 25 25 26)
(square:28: 27 27 28 29 29)
(lannister:T:28:56:)
(walker:I:31:56: D J A)
(stark:S:59:56:)
(turn:57)
(map:59)
(door:closed:4: 1 3 5 7 9 11 13 15 17 19 21 23 25 27 29:)
 _ _ _ _ _ _ _ _ _ _
|  _  | |     | | | |
| | |_ _  |_|     | |
| |_     _|_ _| |  T|
|_|  I|      _ _|  _|
|    _  | |_|  _|_  |
|_|_|_ _ _|_ _ _ _ S|
(square:0: 1 2 3 7)
(square:1: 6)
(square:2: 5 9 9)
(square:4: 15)
(square:6: 17)
(square:12: 3 11 13)
(square:13: 16)
(square:14: 1 13 19 19)
(square:16: 19)
(square:17: 21 22 23)
(square:18: 24 25 25 26)
(square:28: 27 27 28 29 29)
(lannister:T:29:57:)
(walker:I:32:57: D J A)
(stark:S:59:57:)
(turn:58)
(map:59)
(door:closed:4: 1 3 5 7 9 11 13 15 17 19 21 23 25 27 29:)
 _ _ _ _ _ _ _ _ _ _
|  _  | |     | | | |
| | |_ _  |_|     |T|
| |_ I   _|_ _| |  _|
|_|  _|      _ _|  _|
|    _  | |_|  _|_  |
|_|_|_ _ _|_ _ _ _ S|
(square:0: 1 2 3 7)
(square:1: 6)
(square:2: 5 9 9)
(square:4: 15)
(square:6: 17)
(square:12: 3 11 13)
(square:13: 16)
(square:14: 1 13 19 19)
(square:16: 19)
(square:17: 21 22 23)
(square:18: 24 25 25 26)
(square:28: 27 27 28 29 29)
(lannister:T:19:58:)
(walker:I:22:58: D J A)
(stark:S:59:58:)
(turn:59)
(map:59)
(door:closed:4: 1 3 5 7 9 11 13 15 17 19 21 23 25 27 29:)
 _ _ _ _ _ _ _ _ _ _
|  _  | |     | | |T|
| | |_ _  |_|     | |
| |_   I _|_ _| |  _|
|_|  _|      _ _|  _|
|    _  | |_|  _|_  |
|_|_|_ _ _|_ _ _ _ S|
(square:0: 1 2 3 7)
(square:1: 6)
(square:2: 5 9 9)
(square:4: 15)
(square:6: 17)
(square:12: 3 11 13)
(square:13: 16)
(square:14: 1 13 19 19)
(square:16: 19)
(square:17: 21 22 23)
(square:18: 24 25 25 26)
(square:28: 27 27 28 29 29)
(lannister:T:9:59:)
(walker:I:23:59: D J A)
(stark:S:59:59:)
(turn:60)
(map:59)
(door:closed:4: 1 3 5 7 9 11 13 15 17 19 21 23 25 27 29:)
 _ _ _ _ _ _ _ _ _ _
|  _  | |     | | | |
| | |_ _  |_|     |T|
| |_     I|_ _| |  _|
|_|  _|      _ _|  _|
|    _  | |_|  _|_  |
|_|_|_ _ _|_ _ _ _ S|
(square:0: 1 2 3 7)
(square:1: 6)
(square:2: 5 9 9)
(square:4: 15)
(square:6: 17)
(square:12: 3 11 13)
(square:13: 16)
(square:14: 1 13 19 19)
(square:16: 19)
(square:17: 21 22 23)
(square:18: 24 25 25 26)
(square:28: 27 27 28 29 29)
(lannister:T:19:60:)
(walker:I:24:60: D J A)
(stark:S:59:60:)
(turn:61)
(map:59)
(door:closed:4: 1 3 5 7 9 11 13 15 17 19 21 23 25 27 29:)
 _ _ _ _ _ _ _ _ _ _
|  _  | |     | | | |
| | |_ _ I|_|     | |
| |_     _|_ _| |  T|
|_|  _|      _ _|  _|
|    _  | |_|  _|_  |
|_|_|_ _ _|_ _ _ _ S|
(square:0: 1 2 3 7)
(square:1: 6)
(square:2: 5 9 9)
(square:4: 15)
(square:6: 17)
(square:12: 3 11 13)
(square:13: 16)
(square:14: 1 13 19 19)
(square:16: 19)
(square:17: 21 22 23)
(square:18: 24 25 25 26)
(square:28: 27 27 28 29 29)
(walker:I:14:61: D J A)
(lannister:T:29:61:)
(stark:S:59:61:)
(turn:62)
(map:59)
(door:closed:4: 1 3 5 7 9 11 13 15 17 19 21 23 25 27 29:)
 _ _ _ _ _ _ _ _ _ _
|  _  | |     | | | |
| | |_ I  |_|     | |
| |_     _|_ _| |T _|
|_|  _|      _ _|  _|
|    _  | |_|  _|_  |
|_|_|_ _ _|_ _ _ _ S|
(square:0: 1 2 3 7)
(square:1: 6)
(square:2: 5 9 9)
(square:4: 15)
(square:6: 17)
(square:12: 3 11 13)
(square:13: 16)
(square:14: 1 13 19 19)
(square:16: 19)
(square:17: 21 22 23)
(square:18: 24 25 25 26)
(square:28: 27 27 28 29 29)
(walker:I:13:62: D J A)
(lannister:T:28:62:)
(stark:S:59:62:)
(turn:63)
(map:59)
(door:closed:4: 1 3 5 7 9 11 13 15 17 19 21 23 25 27 29:)
 _ _ _ _ _ _ _ _ _ _
|  _  | |     | | | |
| | |I _  |_|    T| |
| |_     _|_ _| |  _|
|_|  _|      _ _|  _|
|    _  | |_|  _|_  |
|_|_|_ _ _|_ _ _ _ S|
(square:0: 1 2 3 7)
(square:1: 6)
(square:2: 5 9 9)
(square:4: 15)
(square:6: 17)
(square:12: 3 11 13)
(square:13: 16)
(square:14: 1 13 19 19)
(square:16: 19)
(square:17: 21 22 23)
(square:18: 24 25 25 26)
(square:28: 27 27 28 29 29)
(walker:I:12:63: D J A)
(lannister:T:18:63:)
(stark:S:59:63:)
(turn:64)
(map:59)
(door:closed:4: 1 3 5 7 9 11 13 15 17 19 21 23 25 27 29:)
 _ _ _ _ _ _ _ _ _ _
|  _ I| |     | | | |
| | |_ _  |_|  T  | |
| |_     _|_ _| |  _|
|_|  _|      _ _|  _|
|    _  | |_|  _|_  |
|_|_|_ _ _|_ _ _ _ S|
(square:0: 1 2 3 7)
(square:1: 6)
(square:2: 5 9 9)
(square:4: 15)
(square:6: 17)
(square:12: 3 11 13)
(square:13: 16)
(square:14: 1 13 19 19)
(square:16: 19)
(square:17: 21 22 23)
(square:18: 24 25 25 26)
(square:28: 27 27 28 29 29)
(walker:I:2:64: D J A)
(lannister:T:17:64:)
(stark:S:59:64:)
(turn:65)
(map:59)
(door:closed:4: 1 3 5 7 9 11 13 15 17 19 21 23 25 27 29:)
 _ _ _ _ _ _ _ _ _ _
|  I  | |     | | | |
| | |_ _  |_|T    | |
| |_     _|_ _| |  _|
|_|  _|      _ _|  _|
|    _  | |_|  _|_  |
|_|_|_ _ _|_ _ _ _ S|
(square:0: 1 2 3 7)
(square:1: 6)
(square:2: 5 9 9)
(square:4: 15)
(square:6: 17)
(square:12: 3 11 13)
(square:13: 16)
(square:14: 1 13 19 19)
(square:16: 19)
(square:17: 21 22 23)
(square:18: 24 25 25 26)
(square:28: 27 27 28 29 29)
(walker:I:1:65: D J A)
(lannister:T:16:65:)
(stark:S:59:65:)
(turn:66)
(map:59)
(door:closed:4: 1 3 5 7 9 11 13 15 17 19 21 23 25 27 29:)
 _ _ _ _ _ _ _ _ _ _
|I _  | |    T| | | |
| | |_ _  |_|     | |
| |_     _|_ _| |  _|
|_|  _|      _ _|  _|
|    _  | |_|  _|_  |
|_|_|_ _ _|_ _ _ _ S|
(square:0: 1 2 3 7)
(square:1: 6)
(square:2: 5 9 9)
(square:4: 15)
(square:6: 17)
(square:12: 3 11 13)
(square:13: 16)
(square:14: 1 13 19 19)
(square:16: 19)
(square:17: 21 22 23)
(square:18: 24 25 25 26)
(square:28: 27 27 28 29 29)
(walker:I:0:66: D J A)
(lannister:T:6:66:)
(stark:S:59:66:)
(turn:67)
(map:59)
(door:closed:4: 1 3 5 7 9 11 13 15 17 19 21 23 25 27 29:)
 _ _ _ _ _ _ _ _ _ _
|  I  | |  T  | | | |
| | |_ _  |_|     | |
| |_     _|_ _| |  _|
|_|  _|      _ _|  _|
|    _  | |_|  _|_  |
|_|_|_ _ _|_ _ _ _ S|
(square:0: 1 2 3 7)
(square:1: 6)
(square:2: 5 9 9)
(square:4: 15)
(square:6: 17)
(square:12: 3 11 13)
(square:13: 16)
(square:14: 1 13 19 19)
(square:16: 19)
(square:17: 21 22 23)
(square:18: 24 25 25 26)
(square:28: 27 27 28 29 29)
(walker:I:1:67: D J A)
(lannister:T:5:67:)
(stark:S:59:67:)
(turn:68)
(map:59)
(door:closed:4: 1 3 5 7 9 11 13 15 17 19 21 23 25 27 29:)
 _ _ _ _ _ _ _ _ _ _
|  _ I| |T    | | | |
| | |_ _  |_|     | |
| |_     _|_ _| |  _|
|_|  _|      _ _|  _|
|    _  | |_|  _|_  |
|_|_|_ _ _|_ _ _ _ S|
(square:0: 1 2 3 7)
(square:1: 6)
(square:2: 5 9 9)
(square:4: 15)
(square:6: 17)
(square:12: 3 11 13)
(square:13: 16)
(square:14: 1 13 19 19)
(square:16: 19)
(square:17: 21 22 23)
(square:18: 24 25 25 26)
(square:28: 27 27 28 29 29)
(walker:I:2:68: D J A)
(lannister:T:4:68:)
(stark:S:59:68:)
(turn:69)
(map:59)
(door:closed:4: 1 3 5 7 9 11 13 15 17 19 21 23 25 27 29:)
 _ _ _ _ _ _ _ _ _ _
|  _  | |     | | | |
| | |I _ T|_|     | |
| |_     _|_ _| |  _|
|_|  _|      _ _|  _|
|    _  | |_|  _|_  |
|_|_|_ _ _|_ _ _ _ S|
(square:0: 1 2 3 7)
(square:1: 6)
(square:2: 5 9 9)
(square:4: 15)
(square:6: 17)
(square:12: 3 11 13)
(square:13: 16)
(square:14: 1 13 19 19)
(square:16: 19)
(square:17: 21 22 23)
(square:18: 24 25 25 26)
(square:28: 27 27 28 29 29)
(walker:I:12:69: D J A)
(lannister:T:14:69:)
(stark:S:59:69:)
(turn:70)
(map:59)
(door:closed:4: 1 3 5 7 9 11 13 15 17 19 21 23 25 27 29:)
 _ _ _ _ _ _ _ _ _ _
|  _  | |     | | | |
| | |_ 2  |_|     | |
| |_     _|_ _| |  _|
|_|  _|      _ _|  _|
|    _  | |_|  _|_  |
|_|_|_ _ _|_ _ _ _ S|
(square:0: 1 2 3 7)
(square:1: 6)
(square:2: 5 9 9)
(square:4: 15)
(square:6: 17)
(square:12: 3 11 13)
(square:13: 16)
(square:14: 1 13 19 19)
(square:16: 19)
(square:17: 21 22 23)
(square:18: 24 25 25 26)
(square:28: 27 27 28 29 29)
(walker:I:13:70: D J A)
(lannister:T:13:70:)
(stark:S:59:70:)
(turn:71)
(map:59)
(door:closed:4: 1 3 5 7 9 11 13 15 17 19 21 23 25 27 29:)
 _ _ _ _ _ _ _ _ _ _
|  _  | |     | | | |
| | |T _ I|_|     | |
| |_     _|_ _| |  _|
|_|  _|      _ _|  _|
|    _  | |_|  _|_  |
|_|_|_ _ _|_ _ _ _ S|
(square:0: 1 2 3 7)
(square:1: 6)
(square:2: 5 9 9)
(square:4: 15)
(square:6: 17)
(square:12: 3 11 13)
(square:13: 16)
(square:14: 1 13 19 19)
(square:16: 19)
(square:17: 21 22 23)
(square:18: 24 25 25 26)
(square:28: 27 27 28 29 29)
(lannister:T:12:71:)
(walker:I:14:71: D J A)
(stark:S:59:71:)
(turn:72)
(map:59)
(door:closed:4: 1 3 5 7 9 11 13 15 17 19 21 23 25 27 29:)
 _ _ _ _ _ _ _ _ _ _
|  _ T| |I    | | | |
| | |_ _  |_|     | |
| |_     _|_ _| |  _|
|_|  _|      _ _|  _|
|    _  | |_|  _|_  |
|_|_|_ _ _|_ _ _ _ S|
(square:0: 1 2 3 7)
(square:1: 6)
(square:2: 5 9 9)
(square:4: 15)
(square:6: 17)
(square:12: 3 11 13)
(square:13: 16)
(square:14: 1 13 19 19)
(square:16: 19)
(square:17: 21 22 23)
(square:18: 24 25 25 26)
(square:28: 27 27 28 29 29)
(lannister:T:2:72:)
(walker:I:4:72: D J A)
(stark:S:59:72:)
(turn:73)
(map:59)
(door:closed:4: 1 3 5 7 9 11 13 15 17 19 21 23 25 27 29:)
 _ _ _ _ _ _ _ _ _ _
|  T  | |  I  | | | |
| | |_ _  |_|     | |
| |_     _|_ _| |  _|
|_|  _|      _ _|  _|
|    _  | |_|  _|_  |
|_|_|_ _ _|_ _ _ _ S|
(square:0: 1 2 3 7)
(square:1: 6)
(square:2: 5 9 9)
(square:4: 15)
(square:6: 17)
(square:12: 3 11 13)
(square:13: 16)
(square:14: 1 13 19 19)
(square:16: 19)
(square:17: 21 22 23)
(square:18: 24 25 25 26)
(square:28: 27 27 28 29 29)
(lannister:T:1:73:)
(walker:I:5:73: D J A)
(stark:S:59:73:)
(turn:74)
(map:59)
(door:closed:4: 1 3 5 7 9 11 13 15 17 19 21 23 25 27 29:)
 _ _ _ _ _ _ _ _ _ _
|T _  | |    I| | | |
| | |_ _  |_|     | |
| |_     _|_ _| |  _|
|_|  _|      _ _|  _|
|    _  | |_|  _|_  |
|_|_|_ _ _|_ _ _ _ S|
(square:0: 1 2 3 7)
(square:1: 6)
(square:2: 5 9 9)
(square:4: 15)
(square:6: 17)
(square:12: 3 11 13)
(square:13: 16)
(square:14: 1 13 19 19)
(square:16: 19)
(square:17: 21 22 23)
(square:18: 24 25 25 26)
(square:28: 27 27 28 29 29)
(lannister:T:0:74:)
(walker:I:6:74: D J A)
(stark:S:59:74:)
(turn:75)
(map:59)
(door:closed:4: 1 3 5 7 9 11 13 15 17 19 21 23 25 27 29:)
 _ _ _ _ _ _ _ _ _ _
|  T  | |     | | | |
| | |_ _  |_|I    | |
| |_     _|_ _| |  _|
|_|  _|      _ _|  _|
|    _  | |_|  _|_  |
|_|_|_ _ _|_ _ _ _ S|
(square:0: 1 2 3 7)
(square:1: 6)
(square:2: 5 9 9)
(square:4: 15)
(square:6: 17)
(square:12: 3 11 13)
(square:13: 16)
(square:14: 1 13 19 19)
(square:16: 19)
(square:17: 21 22 23)
(square:18: 24 25 25 26)
(square:28: 27 27 28 29 29)
(lannister:T:1:75:)
(walker:I:16:75: D J A)
(stark:S:59:75:)
(turn:76)
(map:59)
(door:closed:4: 1 3 5 7 9 11 13 15 17 19 21 23 25 27 29:)
 _ _ _ _ _ _ _ _ _ _
|  _ T| |     | | | |
| | |_ _  |_|  I  | |
| |_     _|_ _| |  _|
|_|  _|      _ _|  _|
|    _  | |_|  _|_  |
|_|_|_ _ _|_ _ _ _ S|
(square:0: 1 2 3 7)
(square:1: 6)
(square:2: 5 9 9)
(square:4: 15)
(square:6: 17)
(square:12: 3 11 13)
(square:13: 16)
(square:14: 1 13 19 19)
(square:16: 19)
(square:17: 21 22 23)
(square:18: 24 25 25 26)
(square:28: 27 27 28 29 29)
(lannister:T:2:76:)
(walker:I:17:76: D J A)
(stark:S:59:76:)
(turn:77)
(map:59)
(door:closed:4: 1 3 5 7 9 11 13 15 17 19 21 23 25 27 29:)
 _ _ _ _ _ _ _ _ _ _
|  _  | |     | | | |
| | |T _  |_|    I| |
| |_     _|_ _| |  _|
|_|  _|      _ _|  _|
|    _  | |_|  _|_  |
|_|_|_ _ _|_ _ _ _ S|
(square:0: 1 2 3 7)
(square:1: 6)
(square:2: 5 9 9)
(square:4: 15)
(square:6: 17)
(square:12: 3 11 13)
(square:13: 16)
(square:14: 1 13 19 19)
(square:16: 19)
(square:17: 21 22 23)
(square:18: 24 25 25 26)
(square:28: 27 27 28 29 29)
(lannister:T:12:77:)
(walker:I:18:77: D J A)
(stark:S:59:77:)
(turn:78)
(map:59)
(door:closed:4: 1 3 5 7 9 11 13 15 17 19 21 23 25 27 29:)
 _ _ _ _ _ _ _ _ _ _
|  _  | |     | | | |
| | |_ T  |_|     | |
| |_     _|_ _| |I _|
|_|  _|      _ _|  _|
|    _  | |_|  _|_  |
|_|_|_ _ _|_ _ _ _ S|
(square:0: 1 2 3 7)
(square:1: 6)
(square:2: 5 9 9)
(square:4: 15)
(square:6: 17)
(square:12: 3 11 13)
(square:13: 16)
(square:14: 1 13 19 19)
(square:16: 19)
(square:17: 21 22 23)
(square:18: 24 25 25 26)
(square:28: 27 27 28 29 29)
(lannister:T:13:78:)
(walker:I:28:78: D J A)
(stark:S:59:78:)
(turn:79)
(map:59)
(door:closed:4: 1 3 5 7 9 11 13 15 17 19 21 23 25 27 29:)
 _ _ _ _ _ _ _ _ _ _
|  _  | |     | | | |
| | |_ _ T|_|     | |
| |_     _|_ _| |  I|
|_|  _|      _ _|  _|
|    _  | |_|  _|_  |
|_|_|_ _ _|_ _ _ _ S|
(square:0: 1 2 3 7)
(square:1: 6)
(square:2: 5 9 9)
(square:4: 15)
(square:6: 17)
(square:12: 3 11 13)
(square:13: 16)
(square:14: 1 13 19 19)
(square:16: 19)
(square:17: 21 22 23)
(square:18: 24 25 25 26)
(square:28: 27 27 28 29 29)
(lannister:T:14:79:)
(walker:I:29:79: D J A)
(stark:S:59:79:)
(turn:80)
(map:59)
(door:closed:4: 1 3 5 7 9 11 13 15 17 19 21 23 25 27 29:)
 _ _ _ _ _ _ _ _ _ _
|  _  | |     | | | |
| | |_ _  |_|     |I|
| |_     T|_ _| |  _|
|_|  _|      _ _|  _|
|    _  | |_|  _|_  |
|_|_|_ _ _|_ _ _ _ S|
(square:0: 1 2 3 7)
(square:1: 6)
(square:2: 5 9 9)
(square:4: 15)
(square:6: 17)
(square:12: 3 11 13)
(square:13: 16)
(square:14: 1 13 19 19)
(square:16: 19)
(square:17: 21 22 23)
(square:18: 24 25 25 26)
(square:28: 27 27 28 29 29)
(walker:I:19:80: D J A)
(lannister:T:24:80:)
(stark:S:59:80:)
(turn:81)
(map:59)
(door:closed:4: 1 3 5 7 9 11 13 15 17 19 21 23 25 27 29:)
 _ _ _ _ _ _ _ _ _ _
|  _  | |     | | |I|
| | |_ _  |_|     | |
| |_   T _|_ _| |  _|
|_|  _|      _ _|  _|
|    _  | |_|  _|_  |
|_|_|_ _ _|_ _ _ _ S|
(square:0: 1 2 3 7)
(square:1: 6)
(square:2: 5 9 9)
(square:4: 15)
(square:6: 17)
(square:12: 3 11 13)
(square:13: 16)
(square:14: 1 13 19 19)
(square:16: 19)
(square:17: 21 22 23)
(square:18: 24 25 25 26)
(square:28: 27 27 28 29 29)
(walker:I:9:81: D J A)
(lannister:T:23:81:)
(stark:S:59:81:)
(turn:82)
(map:59)
(door:closed:4: 1 3 5 7 9 11 13 15 17 19 21 23 25 27 29:)
 _ _ _ _ _ _ _ _ _ _
|  _  | |     | | | |
| | |_ _  |_|     |I|
| |_ T   _|_ _| |  _|
|_|  _|      _ _|  _|
|    _  | |_|  _|_  |
|_|_|_ _ _|_ _ _ _ S|
(square:0: 1 2 3 7)
(square:1: 6)
(square:2: 5 9 9)
(square:4: 15)
(square:6: 17)
(square:12: 3 11 13)
(square:13: 16)
(square:14: 1 13 19 19)
(square:16: 19)
(square:17: 21 22 23)
(square:18: 24 25 25 26)
(square:28: 27 27 28 29 29)
(walker:I:19:82: D J A)
(lannister:T:22:82:)
(stark:S:59:82:)
(turn:83)
(map:59)
(door:closed:4: 1 3 5 7 9 11 13 15 17 19 21 23 25 27 29:)
 _ _ _ _ _ _ _ _ _ _
|  _  | |     | | | |
| | |_ _  |_|     | |
| |_     _|_ _| |  I|
|_|  T|      _ _|  _|
|    _  | |_|  _|_  |
|_|_|_ _ _|_ _ _ _ S|
(square:0: 1 2 3 7)
(square:1: 6)
(square:2: 5 9 9)
(square:4: 15)
(square:6: 17)
(square:12: 3 11 13)
(square:13: 16)
(square:14: 1 13 19 19)
(square:16: 19)
(square:17: 21 22 23)
(square:18: 24 25 25 26)
(square:28: 27 27 28 29 29)
(walker:I:29:83: D J A)
(lannister:T:32:83:)
(stark:S:59:83:)
(turn:84)
(map:59)
(door:closed:4: 1 3 5 7 9 11 13 15 17 19 21 23 25 27 29:)
 _ _ _ _ _ _ _ _ _ _
|  _  | |     | | | |
| | |_ _  |_|     | |
| |_     _|_ _| |I _|
|_|T _|      _ _|  _|
|    _  | |_|  _|_  |
|_|_|_ _ _|_ _ _ _ S|
(square:0: 1 2 3 7)
(square:1: 6)
(square:2: 5 9 9)
(square:4: 15)
(square:6: 17)
(square:12: 3 11 13)
(square:13: 16)
(square:14: 1 13 19 19)
(square:16: 19)
(square:17: 21 22 23)
(square:18: 24 25 25 26)
(square:28: 27 27 28 29 29)
(walker:I:28:84: D J A)
(lannister:T:31:84:)
(stark:S:59:84:)
(turn:85)
(map:59)
(door:closed:4: 1 3 5 7 9 11 13 15 17 19 21 23 25 27 29:)
 _ _ _ _ _ _ _ _ _ _
|  _  | |     | | | |
| | |_ _  |_|     | |
| |_     _|_ _| |  _|
|_|  _|      _ _|I _|
|  T _  | |_|  _|_  |
|_|_|_ _ _|_ _ _ _ S|
(square:0: 1 2 3 7)
(square:1: 6)
(square:2: 5 9 9)
(square:4: 15)
(square:6: 17)
(square:12: 3 11 13)
(square:13: 16)
(square:14: 1 13 19 19)
(square:16: 19)
(square:17: 21 22 23)
(square:18: 24 25 25 26)
(square:28: 27 27 28 29 29)
(walker:I:38:85: D J A)
(lannister:T:41:85:)
(stark:S:59:85:)
(turn:86)
(map:59)
(door:closed:4: 1 3 5 7 9 11 13 15 17 19 21 23 25 27 29:)
 _ _ _ _ _ _ _ _ _ _
|  _  | |     | | | |
| | |_ _  |_|     | |
| |_     _|_ _| |  _|
|_|  _|      _ _|  _|
|T   _  | |_|  _|I  |
|_|_|_ _ _|_ _ _ _ S|
(square:0: 1 2 3 7)
(square:1: 6)
(square:2: 5 9 9)
(square:4: 15)
(square:6: 17)
(square:12: 3 11 13)
(square:13: 16)
(square:14: 1 13 19 19)
(square:16: 19)
(square:17: 21 22 23)
(square:18: 24 25 25 26)
(square:28: 27 27 28 29 29)
(lannister:T:40:86:)
(walker:I:48:86: D J A)
(stark:S:59:86:)
(turn:87)
(map:59)
(door:closed:4: 1 3 5 7 9 11 13 15 17 19 21 23 25 27 29:)
 _ _ _ _ _ _ _ _ _ _
|  _  | |     | | | |
| | |_ _  |_|     | |
| |_     _|_ _| |  _|
|_|  _|      _ _|  _|
|    _  | |_|  _|_ I|
|T|_|_ _ _|_ _ _ _ S|
(square:0: 1 2 3 7)
(square:1: 6)
(square:2: 5 9 9)
(square:4: 15)
(square:6: 17)
(square:12: 3 11 13)
(square:13: 16)
(square:14: 1 13 19 19)
(square:16: 19)
(square:17: 21 22 23)
(square:18: 24 25 25 26)
(square:28: 27 27 28 29 29)
(walker:I:49:87: D J A)
(lannister:T:50:87:)
(stark:S:59:87:)
(turn:88)
(map:59)
(door:closed:4: 1 3 5 7 9 11 13 15 17 19 21 23 25 27 29:)
 _ _ _ _ _ _ _ _ _ _
|  _  | |     | | | |
| | |_ _  |_|     | |
| |_     _|_ _| |  _|
|_|  _|      _ _|  _|
|T   _  | |_|  _|_  |
|_|_|_ _ _|_ _ _ _ I|
(square:0: 1 2 3 7)
(square:1: 6)
(square:2: 5 9 9)
(square:4: 15)
(square:6: 17)
(square:12: 3 11 13)
(square:13: 16)
(square:14: 1 13 19 19)
(square:16: 19)
(square:17: 21 22 23)
(square:18: 24 25 25 26)
(square:28: 27 27 28 29 29)
(lannister:T:40:88:)
(walker:I:59:88: D J A S)
(turn:89)
(map:59)
(door:closed:4: 1 3 5 7 9 11 13 15 17 19 21 23 25 27 29:)
 _ _ _ _ _ _ _ _ _ _
|  _  | |     | | | |
| | |_ _  |_|     | |
| |_     _|_ _| |  _|
|_|  _|      _ _|  _|
|  T _  | |_|  _|_ I|
|_|_|_ _ _|_ _ _ _ _|
(square:0: 1 2 3 7)
(square:1: 6)
(square:2: 5 9 9)
(square:4: 15)
(square:6: 17)
(square:12: 3 11 13)
(square:13: 16)
(square:14: 1 13 19 19)
(square:16: 19)
(square:17: 21 22 23)
(square:18: 24 25 25 26)
(square:28: 27 27 28 29 29)
(lannister:T:41:89:)
(walker:I:49:89: D J A S)
(turn:90)
(map:59)
(door:closed:4: 1 3 5 7 9 11 13 15 17 19 21 23 25 27 29:)
 _ _ _ _ _ _ _ _ _ _
|  _  | |     | | | |
| | |_ _  |_|     | |
| |_     _|_ _| |  _|
|_|  _|      _ _|  _|
|    T  | |_|  _|I  |
|_|_|_ _ _|_ _ _ _ _|
(square:0: 1 2 3 7)
(square:1: 6)
(square:2: 5 9 9)
(square:4: 15)
(square:6: 17)
(square:12: 3 11 13)
(square:13: 16)
(square:14: 1 13 19 19)
(square:16: 19)
(square:17: 21 22 23)
(square:18: 24 25 25 26)
(square:28: 27 27 28 29 29)
(lannister:T:42:90:)
(walker:I:48:90: D J A S)
(turn:91)
(map:59)
(door:closed:4: 1 3 5 7 9 11 13 15 17 19 21 23 25 27 29:)
 _ _ _ _ _ _ _ _ _ _
|  _  | |     | | | |
| | |_ _  |_|     | |
| |_     _|_ _| |  _|
|_|  _|      _ _|I _|
|    _ T| |_|  _|_  |
|_|_|_ _ _|_ _ _ _ _|
(square:0: 1 2 3 7)
(square:1: 6)
(square:2: 5 9 9)
(square:4: 15)
(square:6: 17)
(square:12: 3 11 13)
(square:13: 16)
(square:14: 1 13 19 19)
(square:16: 19)
(square:17: 21 22 23)
(square:18: 24 25 25 26)
(square:28: 27 27 28 29 29)
(walker:I:38:91: D J A S)
(lannister:T:43:91:)
(turn:92)
(map:59)
(door:closed:4: 1 3 5 7 9 11 13 15 17 19 21 23 25 27 29:)
 _ _ _ _ _ _ _ _ _ _
|  _  | |     | | | |
| | |_ _  |_|     | |
| |_     _|_ _| |I _|
|_|  _|T     _ _|  _|
|    _  | |_|  _|_  |
|_|_|_ _ _|_ _ _ _ _|
(square:0: 1 2 3 7)
(square:1: 6)
(square:2: 5 9 9)
(square:4: 15)
(square:6: 17)
(square:12: 3 11 13)
(square:13: 16)
(square:14: 1 13 19 19)
(square:16: 19)
(square:17: 21 22 23)
(square:18: 24 25 25 26)
(square:28: 27 27 28 29 29)
(walker:I:28:92: D J A S)
(lannister:T:33:92:)
(turn:93)
(map:59)
(door:closed:4: 1 3 5 7 9 11 13 15 17 19 21 23 25 27 29:)
 _ _ _ _ _ _ _ _ _ _
|  _  | |     | | | |
| | |_ _  |_|    I| |
| |_     _|_ _| |  _|
|_|  _|  T   _ _|  _|
|    _  | |_|  _|_  |
|_|_|_ _ _|_ _ _ _ _|
(square:0: 1 2 3 7)
(square:1: 6)
(square:2: 5 9 9)
(square:4: 15)
(square:6: 17)
(square:12: 3 11 13)
(square:13: 16)
(square:14: 1 13 19 19)
(square:16: 19)
(square:17: 21 22 23)
(square:18: 24 25 25 26)
(square:28: 27 27 28 29 29)
(walker:I:18:93: D J A S)
(lannister:T:34:93:)
(turn:94)
(map:59)
(door:closed:4: 1 3 5 7 9 11 13 15 17 19 21 23 25 27 29:)
 _ _ _ _ _ _ _ _ _ _
|  _  | |     | | | |
| | |_ _  |_|  I  | |
| |_     _|_ _| |  _|
|_|  _|    T _ _|  _|
|    _  | |_|  _|_  |
|_|_|_ _ _|_ _ _ _ _|
(square:0: 1 2 3 7)
(square:1: 6)
(square:2: 5 9 9)
(square:4: 15)
(square:6: 17)
(square:12: 3 11 13)
(square:13: 16)
(square:14: 1 13 19 19)
(square:16: 19)
(square:17: 21 22 23)
(square:18: 24 25 25 26)
(square:28: 27 27 28 29 29)
(walker:I:17:94: D J A S)
(lannister:T:35:94:)
(turn:95)
(map:59)
(door:closed:4: 1 3 5 7 9 11 13 15 17 19 21 23 25 27 29:)
 _ _ _ _ _ _ _ _ _ _
|  _  | |     | | | |
| | |_ _  |_|     | |
| |_     _|_ _|I|  _|
|_|  _|      T _|  _|
|    _  | |_|  _|_  |
|_|_|_ _ _|_ _ _ _ _|
(square:0: 1 2 3 7)
(square:1: 6)
(square:2: 5 9 9)
(square:4: 15)
(square:6: 17)
(square:12: 3 11 13)
(square:13: 16)
(square:14: 1 13 19 19)
(square:16: 19)
(square:17: 21 22 23)
(square:18: 24 25 25 26)
(square:28: 27 27 28 29 29)
(walker:I:27:95: D J A S)
(lannister:T:36:95:)
(turn:96)
(map:59)
(door:closed:4: 1 3 5 7 9 11 13 15 17 19 21 23 25 27 29:)
 _ _ _ _ _ _ _ _ _ _
|  _  | |     | | | |
| | |_ _  |_|     | |
| |_     _|_ _| |  _|
|_|  _|      _ 2|  _|
|    _  | |_|  _|_  |
|_|_|_ _ _|_ _ _ _ _|
(square:0: 1 2 3 7)
(square:1: 6)
(square:2: 5 9 9)
(square:4: 15)
(square:6: 17)
(square:12: 3 11 13)
(square:13: 16)
(square:14: 1 13 19 19)
(square:16: 19)
(square:17: 21 22 23)
(square:18: 24 25 25 26)
(square:28: 27 27 28 29 29)
(walker:I:37:96: D J A S)
(lannister:T:37:96:)
(turn:97)
(map:59)
(door:closed:4: 1 3 5 7 9 11 13 15 17 19 21 23 25 27 29:)
 _ _ _ _ _ _ _ _ _ _
|  _  | |     | | | |
| | |_ _  |_|     | |
| |_     _|_ _|T|  _|
|_|  _|      I _|  _|
|    _  | |_|  _|_  |
|_|_|_ _ _|_ _ _ _ _|
(square:0: 1 2 3 7)
(square:1: 6)
(square:2: 5 9 9)
(square:4: 15)
(square:6: 17)
(square:12: 3 11 13)
(square:13: 16)
(square:14: 1 13 19 19)
(square:16: 19)
(square:17: 21 22 23)
(square:18: 24 25 25 26)
(square:28: 27 27 28 29 29)
(lannister:T:27:97:)
(walker:I:36:97: D J A S)
(turn:98)
(map:59)
(door:closed:4: 1 3 5 7 9 11 13 15 17 19 21 23 25 27 29:)
 _ _ _ _ _ _ _ _ _ _
|  _  | |     | | | |
| | |_ _  |_|  T  | |
| |_     _|_ _| |  _|
|_|  _|    I _ _|  _|
|    _  | |_|  _|_  |
|_|_|_ _ _|_ _ _ _ _|
(square:0: 1 2 3 7)
(square:1: 6)
(square:2: 5 9 9)
(square:4: 15)
(square:6: 17)
(square:12: 3 11 13)
(square:13: 16)
(square:14: 1 13 19 19)
(square:16: 19)
(square:17: 21 22 23)
(square:18: 24 25 25 26)
(square:28: 27 27 28 29 29)
(lannister:T:17:98:)
(walker:I:35:98: D J A S)
(turn:99)
(map:59)
(door:closed:4: 1 3 5 7 9 11 13 15 17 19 21 23 25 27 29:)
 _ _ _ _ _ _ _ _ _ _
|  _  | |     | | | |
| | |_ _  |_|    T| |
| |_     _|_ _| |  _|
|_|  _|  I   _ _|  _|
|    _  | |_|  _|_  |
|_|_|_ _ _|_ _ _ _ _|
(square:0: 1 2 3 7)
(square:1: 6)
(square:2: 5 9 9)
(square:4: 15)
(square:6: 17)
(square:12: 3 11 13)
(square:13: 16)
(square:14: 1 13 19 19)
(square:16: 19)
(square:17: 21 22 23)
(square:18: 24 25 25 26)
(square:28: 27 27 28 29 29)
(lannister:T:18:99:)
(walker:I:34:99: D J A S)
(thronemembers)