 _ _ _ _ _ _ _ _ _ _
|  _  | |     | | | |
| | |_ _ _|_|     | |
| |_ _   _|_ _| |  _|
|_|  _|_     _ _|  _|
|    _  | |_|  _|_  |
|_|_|_ _ _|_ _ _ _ _|
(path:J: E E S E E N E E S E E S S S E S)
(path:D: S S S N N N E E S E E S O O O N S E S O S O S N E S N E E S O E E N N E S N E E N N E S S S E S)
(path:S: E E S E E N E E S E E S S S E S)
(path:A: S S S N N N E E S E E S O O O N S E S O S O S N E S N E E S O E E N N E S N E E N N E S S S E S)
(path:I: N E N E N E E N O O N O O E E S E E N E E S E E S E N N S S O S S E S N O N N N O S S O O O O S O O O S)
(path:T: N O N N E N N S S O N O O N O O S O O N O O E E S E E S O O S O S O S N E E E N E E E E N N E S S S E S)
(turn:0)
(map:59)
(door:closed:5: 1 3 5 7 9 11 13 15 17 19 21 23 25 27 29:)
 _ _ _ _ _ _ _ _ _ _
|4 _  | |     | | | |
| | |_ _  |_|     | |
| |_     _|_ _| |  _|
|_|  _|      _ _|  _|
|    _  | |_|  _|_  |
|I|_|_ _ _|_ _ _ _ T|
(square:0: 0 1 1 2 3)
(square:1: 3 4 5 5 6)
(square:2: 7 7 8 9 9)
(square:12: 10 11 11 12 13)
(square:13: 13 14 15 15 16)
(square:14: 17 17 18 19 19)
(square:17: 20 21 21 22 23)
(square:18: 23 24 25 25 26)
(square:28: 27 27 28 29 29)
(stark:J:0:1:)
(targaryen:D:0:1:)
(stark:S:0:2:)
(targaryen:A:0:2:)
(walker:I:50:2:)
(lannister:T:59:1: 29 27 25 23 21 19 17 15 13 11 9 7 5 3 1)
(turn:1)
(map:59)
(door:closed:5: 1 3 5 7 9 11 13 15 17 19 21 23 25 27 29:)
 _ _ _ _ _ _ _ _ _ _
|2 J  | |     | | | |
|D| |_ _  |_|     | |
| |_     _|_ _| |  _|
|_|  _|      _ _|  _|
|    _  | |_|  _|_ T|
|I|_|_ _ _|_ _ _ _ _|
(square:0: 0 1 1 2 3)
(square:1: 4 5 5 6)
(square:2: 7 7 8 9 9)
(square:12: 10 11 11 12 13)
(square:13: 13 14 15 15 16)
(square:14: 17 17 18 19 19)
(square:17: 20 21 21 22 23)
(square:18: 23 24 25 25 26)
(square:28: 27 27 28 29 29)
(stark:S:0:2:)
(targaryen:A:0:2:)
(stark:J:1:1: 3)
(targaryen:D:10:1:)
(lannister:T:49:1: 29 27 25 23 21 19 17 15 13 11 9 7 5 3 1)
(walker:I:50:2:)
(turn:2)
(map:59)
(door:closed:5: 1 3 5 7 9 11 13 15 17 19 21 23 25 27 29:)
 _ _ _ _ _ _ _ _ _ _
|  S J| |     | | | |
|A| |_ _  |_|     | |
|D|_     _|_ _| |  _|
|_|  _|      _ _|  _|
|I   _  | |_|  _|T  |
|_|_|_ _ _|_ _ _ _ _|
(square:0: 0 1 1 2 3)
(square:1: 5 5 6)
(square:2: 7 8 9 9)
(square:12: 10 11 11 12 13)
(square:13: 13 14 15 15 16)
(square:14: 17 17 18 19 19)
(square:17: 20 21 21 22 23)
(square:18: 23 24 25 25 26)
(square:28: 27 27 28 29 29)
(square:48: 29)
(stark:S:1:2: 4)
(stark:J:2:2: 7 3)
(targaryen:A:10:2:)
(targaryen:D:20:2:)
(walker:I:40:2:)
(lannister:T:48:2: 27 25 23 21 19 17 15 13 11 9 7 5 3 1)
(turn:3)
(map:59)
(door:closed:5: 1 3 5 7 9 11 13 15 17 19 21 23 25 27 29:)
 _ _ _ _ _ _ _ _ _ _
|  _ S| |     | | | |
| | |J _  |_|     | |
|A|_     _|_ _| |  _|
|D|  _|      _ _|T _|
|  I _  | |_|  _|_  |
|_|_|_ _ _|_ _ _ _ _|
(square:0: 0 1 1 2 3)
(square:1: 5 5 6)
(square:2: 8 9 9)
(square:12: 11 11 12 13)
(square:13: 13 14 15 15 16)
(square:14: 17 17 18 19 19)
(square:17: 20 21 21 22 23)
(square:18: 23 24 25 25 26)
(square:28: 27 27 28 29 29)
(square:38: 27)
(square:48: 29)
(stark:S:2:3: 7 4)
(stark:J:12:3: 10 7 3)
(targaryen:A:20:3:)
(targaryen:D:30:3:)
(lannister:T:38:3: 25 23 21 19 17 15 13 11 9 7 5 3 1)
(walker:I:41:3:)
(turn:4)
(map:59)
(door:closed:5: 1 3 5 7 9 11 13 15 17 19 21 23 25 27 29:)
 _ _ _ _ _ _ _ _ _ _
|  _  | |     | | | |
| | |S J  |_|     | |
|D|_     _|_ _| |T _|
|A|I _|      _ _|  _|
|    _  | |_|  _|_  |
|_|_|_ _ _|_ _ _ _ _|
(square:0: 0 1 1 2 3)
(square:1: 5 5 6)
(square:2: 8 9 9)
(square:12: 11 12 13)
(square:13: 14 15 15 16)
(square:14: 17 17 18 19 19)
(square:17: 20 21 21 22 23)
(square:18: 23 24 25 25 26)
(square:28: 25 27 27 28 29 29)
(square:38: 27)
(square:48: 29)
(stark:S:12:4: 11 7 4)
(stark:J:13:4: 13 10 7 3)
(targaryen:D:20:4:)
(lannister:T:28:4: 23 21 19 17 15 13 11 9 7 5 3 1)
(targaryen:A:30:4:)
(walker:I:31:4:)
(turn:5)
(map:59)
(door:closed:5: 1 3 5 7 9 11 13 15 17 19 21 23 25 27 29:)
 _ _ _ _ _ _ _ _ _ _
|  _  | |     | | | |
|D| |_ S J|_|     | |
|A|_     _|_ _| |  T|
|_|  I|      _ _|  _|
|    _  | |_|  _|_  |
|_|_|_ _ _|_ _ _ _ _|
(square:0: 0 1 1 2 3)
(square:1: 5 5 6)
(square:2: 8 9 9)
(square:12: 11 12 13)
(square:13: 15 15 16)
(square:14: 17 18 19 19)
(square:17: 20 21 21 22 23)
(square:18: 23 24 25 25 26)
(square:28: 25 27 27 28 29 29)
(square:38: 27)
(square:48: 29)
(targaryen:D:10:5:)
(stark:S:13:5: 14 11 7 4)
(stark:J:14:5: 17 13 10 7 3)
(targaryen:A:20:5:)
(lannister:T:29:5: 23 21 19 17 15 13 11 9 7 5 3 1)
(walker:I:32:5:)
(turn:6)
(map:59)
(door:closed:5: 1 3 5 7 9 11 13 15 17 19 21 23 25 27 29:)
 _ _ _ _ _ _ _ _ _ _
|D _  | |J    | | | |
|A| |_ _ S|_|     |T|
| |_ I   _|_ _| |  _|
|_|  _|      _ _|  _|
|    _  | |_|  _|_  |
|_|_|_ _ _|_ _ _ _ _|
(square:0: 1 1 2 3)
(square:1: 5 5 6)
(square:2: 8 9 9)
(square:12: 11 12 13)
(square:13: 15 15 16)
(square:14: 18 19 19)
(square:17: 20 21 21 22 23)
(square:18: 23 24 25 25 26)
(square:28: 25 27 27 28 29 29)
(square:38: 27)
(square:48: 29)
(targaryen:D:0:6: 0)
(stark:J:4:6: 17 13 10 7 3)
(targaryen:A:10:6:)
(stark:S:14:6: 17 14 11 7 4)
(lannister:T:19:6: 23 21 19 17 15 13 11 9 7 5 3 1)
(walker:I:22:6:)
(turn:7)
(map:59)
(door:closed:5: 1 3 5 7 9 11 13 15 17 19 21 23 25 27 29:)
 _ _ _ _ _ _ _ _ _ _
|A D  | |S J  | | |T|
| | |_ _  |_|     | |
| |_   I _|_ _| |  _|
|_|  _|      _ _|  _|
|    _  | |_|  _|_  |
|_|_|_ _ _|_ _ _ _ _|
(square:0: 1 2 3)
(square:1: 5 6)
(square:2: 8 9 9)
(square:12: 11 12 13)
(square:13: 15 15 16)
(square:14: 18 19 19)
(square:17: 20 21 21 22 23)
(square:18: 23 24 25 25 26)
(square:28: 25 27 27 28 29 29)
(square:38: 27)
(square:48: 29)
(targaryen:A:0:7: 1)
(targaryen:D:1:7: 5 0)
(stark:S:4:7: 17 14 11 7 4)
(stark:J:5:7: 17 13 10 7 3)
(lannister:T:9:7: 23 21 19 17 15 13 11 9 7 5 3 1)
(walker:I:23:7:)
(turn:8)
(map:59)
(door:closed:5: 1 3 5 7 9 11 13 15 17 19 21 23 25 27 29:)
 _ _ _ _ _ _ _ _ _ _
|  A D| |  S J| | | |
| | |_ _  |_|     |T|
| |_     I|_ _| |  _|
|_|  _|      _ _|  _|
|    _  | |_|  _|_  |
|_|_|_ _ _|_ _ _ _ _|
(square:0: 1 2 3)
(square:1: 6)
(square:2: 9 9)
(square:12: 11 12 13)
(square:13: 15 15 16)
(square:14: 18 19 19)
(square:17: 20 21 21 22 23)
(square:18: 23 24 25 25 26)
(square:28: 25 27 27 28 29 29)
(square:38: 27)
(square:48: 29)
(targaryen:A:1:8: 5 1)
(targaryen:D:2:8: 8 5 0)
(stark:S:5:8: 17 14 11 7 4)
(stark:J:6:8: 17 13 10 7 3)
(lannister:T:19:8: 23 21 19 17 15 13 11 9 7 5 3 1)
(walker:I:24:8:)
(turn:9)
(map:59)
(door:closed:5: 1 3 5 7 9 11 13 15 17 19 21 23 25 27 29:)
 _ _ _ _ _ _ _ _ _ _
|  _ A| |    S| | | |
| | |D _ I|_|J    | |
| |_     _|_ _| |  T|
|_|  _|      _ _|  _|
|    _  | |_|  _|_  |
|_|_|_ _ _|_ _ _ _ _|
(square:0: 1 2 3)
(square:1: 6)
(square:2: 9)
(square:12: 12 13)
(square:13: 15 15 16)
(square:14: 18 19 19)
(square:17: 20 21 21 22 23)
(square:18: 23 24 25 25 26)
(square:28: 25 27 27 28 29 29)
(square:38: 27)
(square:48: 29)
(targaryen:A:2:9: 9 5 1)
(stark:S:6:9: 17 14 11 7 4)
(targaryen:D:12:9: 11 8 5 0)
(walker:I:14:9:)
(stark:J:16:9: 17 13 10 7 3)
(lannister:T:29:9: 23 21 19 17 15 13 11 9 7 5 3 1)
(turn:10)
(map:59)
(door:closed:5: 1 3 5 7 9 11 13 15 17 19 21 23 25 27 29:)
 _ _ _ _ _ _ _ _ _ _
|  _  | |     | | | |
| | |A I  |_|S J  | |
| |_     _|_ _| |T _|
|_|  _|      _ _|  _|
|    _  | |_|  _|_  |
|_|_|_ _ _|_ _ _ _ _|
(square:0: 1 2 3)
(square:1: 6)
(square:2: 9)
(square:12: 13)
(square:13: 15 16)
(square:14: 18 19 19)
(square:17: 21 21 22 23)
(square:18: 23 24 25 25 26)
(square:28: 23 25 27 27 28 29 29)
(square:38: 27)
(square:48: 29)
(targaryen:A:12:10: 12 9 5 1)
(walker:I:13:10: D)
(stark:S:16:10: 17 14 11 7 4)
(stark:J:17:10: 20 17 13 10 7 3)
(lannister:T:28:10: 21 19 17 15 13 11 9 7 5 3 1)
(turn:11)
(map:59)
(door:closed:5: 1 3 5 7 9 11 13 15 17 19 21 23 25 27 29:)
 _ _ _ _ _ _ _ _ _ _
|  _  | |     | | | |
| | |I A  |_|  S 2| |
| |_     _|_ _| |  _|
|_|  _|      _ _|  _|
|    _  | |_|  _|_  |
|_|_|_ _ _|_ _ _ _ _|
(square:0: 1 2 3)
(square:1: 6)
(square:2: 9)
(square:12: 13)
(square:13: 16)
(square:14: 18 19 19)
(square:17: 21 22 23)
(square:18: 21 24 25 25 26)
(square:28: 23 25 27 27 28 29 29)
(square:38: 27)
(square:48: 29)
(walker:I:12:11: D)
(targaryen:A:13:11: 15 12 9 5 1)
(stark:S:17:11: 21 17 14 11 7 4)
(stark:J:18:11: 23 20 17 13 10 7 3)
(lannister:T:18:11: 19 17 15 13 11 9 7 5 3 1)
(turn:12)
(map:59)
(door:closed:5: 1 3 5 7 9 11 13 15 17 19 21 23 25 27 29:)
 _ _ _ _ _ _ _ _ _ _
|  _ I| |     | | | |
| | |_ _ A|_|  T S| |
| |_     _|_ _| |J _|
|_|  _|      _ _|  _|
|    _  | |_|  _|_  |
|_|_|_ _ _|_ _ _ _ _|
(square:0: 1 2 3)
(square:1: 6)
(square:2: 9)
(square:12: 13)
(square:13: 16)
(square:14: 19 19)
(square:17: 21 22 23)
(square:18: 24 25 25 26)
(square:28: 25 27 27 28 29 29)
(square:38: 27)
(square:48: 29)
(walker:I:2:12: D)
(targaryen:A:14:12: 18 15 12 9 5 1)
(lannister:T:17:12: 19 17 15 13 11 9 7 5 3 1)
(stark:S:18:12: 21 21 17 14 11 7 4)
(stark:J:28:12: 23 23 20 17 13 10 7 3)
(turn:13)
(map:59)
(door:closed:5: 1 3 5 7 9 11 13 15 17 19 21 23 25 27 29:)
 _ _ _ _ _ _ _ _ _ _
|  I  | |     | | | |
| | |_ _  |_|T    | |
| |_     A|_ _| |S _|
|_|  _|      _ _|J _|
|    _  | |_|  _|_  |
|_|_|_ _ _|_ _ _ _ _|
(square:0: 1 2 3)
(square:1: 6)
(square:2: 9)
(square:12: 13)
(square:13: 16)
(square:14: 19 19)
(square:16: 19)
(square:17: 21 22 23)
(square:18: 24 25 25 26)
(square:28: 27 27 28 29 29)
(square:48: 29)
(walker:I:1:13: D)
(lannister:T:16:13: 17 15 13 11 9 7 5 3 1)
(targaryen:A:24:13: 18 15 12 9 5 1)
(stark:S:28:13: 25 21 21 17 14 11 7 4)
(stark:J:38:13: 27 23 23 20 17 13 10 7 3)
(turn:14)
(map:59)
(door:closed:5: 1 3 5 7 9 11 13 15 17 19 21 23 25 27 29:)
 _ _ _ _ _ _ _ _ _ _
|I _  | |    T| | | |
| | |_ _  |_|     | |
| |_   A _|_ _| |  _|
|_|  _|      _ _|S _|
|    _  | |_|  _|J  |
|_|_|_ _ _|_ _ _ _ _|
(square:0: 1 2 3)
(square:1: 6)
(square:2: 9)
(square:6: 17)
(square:12: 13)
(square:13: 16)
(square:14: 19 19)
(square:16: 19)
(square:17: 21 22 23)
(square:18: 24 25 25 26)
(square:28: 27 27 28 29 29)
(walker:I:0:14: D)
(lannister:T:6:14: 15 13 11 9 7 5 3 1)
(targaryen:A:23:14: 18 15 12 9 5 1)
(stark:S:38:14: 25 21 21 17 14 11 7 4)
(stark:J:48:14: 29 27 23 23 20 17 13 10 7 3)
(turn:15)
(map:59)
(door:closed:5: 1 3 5 7 9 11 13 15 17 19 21 23 25 27 29:)
 _ _ _ _ _ _ _ _ _ _
|  I  | |  T  | | | |
| | |_ _  |_|     | |
| |_ A   _|_ _| |  _|
|_|  _|      _ _|  _|
|    _  | |_|  _|S J|
|_|_|_ _ _|_ _ _ _ _|
(square:0: 1 2 3)
(square:1: 6)
(square:2: 9)
(square:6: 17)
(square:12: 13)
(square:13: 16)
(square:14: 19 19)
(square:16: 19)
(square:17: 21 22 23)
(square:18: 24 25 25 26)
(square:28: 27 27 28 29 29)
(walker:I:1:15: D)
(lannister:T:5:15: 15 13 11 9 7 5 3 1)
(targaryen:A:22:15: 18 15 12 9 5 1)
(stark:S:48:15: 25 21 21 17 14 11 7 4)
(stark:J:49:15: 29 27 23 23 20 17 13 10 7 3)
(turn:16)
(map:59)
(door:closed:5: 1 3 5 7 9 11 13 15 17 19 21 23 25 27 29:)
 _ _ _ _ _ _ _ _ _ _
|  _ I| |T    | | | |
| | |_ _  |_|     | |
| |A     _|_ _| |  _|
|_|  _|      _ _|  _|
|    _  | |_|  _|_ S|
|_|_|_ _ _|_ _ _ _ J|
(square:0: 1 2 3)
(square:1: 6)
(square:2: 9)
(square:4: 15)
(square:6: 17)
(square:12: 13)
(square:13: 16)
(square:14: 19 19)
(square:16: 19)
(square:17: 21 22 23)
(square:18: 24 25 25 26)
(square:28: 27 27 28 29 29)
(walker:I:2:16: D)
(lannister:T:4:16: 13 11 9 7 5 3 1)
(targaryen:A:21:16: 18 15 12 9 5 1)
(stark:S:49:16: 25 21 21 17 14 11 7 4)
(stark:J:59:16: 29 27 23 23 20 17 13 10 7 3)
(turn:17)
(map:59)
(door:open:5: 1 3 5 7 9 11 13 15 17 19 21 23 25 27: 29)
 _ _ _ _ _ _ _ _ _ _
|  _  | |     | | | |
| |A|I _ T|_|     | |
| |_     _|_ _| |  _|
|_|  _|      _ _|  _|
|    _  | |_|  _|_  |
|_|_|_ _ _|_ _ _ _ S|
(square:0: 1 2 3)
(square:1: 6)
(square:2: 9)
(square:4: 15)
(square:6: 17)
(square:12: 13)
(square:13: 16)
(square:14: 13 19 19)
(square:16: 19)
(square:17: 21 22 23)
(square:18: 24 25 25 26)
(square:28: 27 27 28 29 29)
(targaryen:A:11:17: 18 15 12 9 5 1)
(walker:I:12:17: D)
(lannister:T:14:17: 11 9 7 5 3 1)
(stark:S:59:17: 25 21 21 17 14 11 7 4)
(thronemembers)
(newking:stark:J:1111:17: 27 23 23 20 17 13 10 7 3)
